#
# There is insufficient memory for the Java Runtime Environment to continue.
# Native memory allocation (malloc) failed to allocate 1076736 bytes for Chunk::new
# Possible reasons:
#   The system is out of physical RAM or swap space
#   The process is running with CompressedOops enabled, and the Java Heap may be blocking the growth of the native heap
# Possible solutions:
#   Reduce memory load on the system
#   Increase physical memory or swap space
#   Check if swap backing store is full
#   Decrease Java heap size (-Xmx/-Xms)
#   Decrease number of Java threads
#   Decrease Java thread stack sizes (-Xss)
#   Set larger code cache with -XX:ReservedCodeCacheSize=
#   JVM is running with Unscaled Compressed Oops mode in which the Java heap is
#     placed in the first 4GB address space. The Java Heap base address is the
#     maximum limit for the native heap growth. Please use -XX:HeapBaseMinAddress
#     to set the Java Heap base and to place the Java Heap above 4GB virtual address.
# This output file may be truncated or incomplete.
#
#  Out of Memory Error (arena.cpp:189), pid=21296, tid=19772
#
# JRE version: Java(TM) SE Runtime Environment (17.0.8+9) (build 17.0.8+9-LTS-211)
# Java VM: Java HotSpot(TM) 64-Bit Server VM (17.0.8+9-LTS-211, mixed mode, sharing, tiered, compressed oops, compressed class ptrs, g1 gc, windows-amd64)
# No core dump will be written. Minidumps are not enabled by default on client versions of Windows
#

---------------  S U M M A R Y ------------

Command Line: -javaagent:C:\Program Files\JetBrains\IntelliJ IDEA Community Edition 2023.1.4\lib\idea_rt.jar=51138:C:\Program Files\JetBrains\IntelliJ IDEA Community Edition 2023.1.4\bin -Dfile.encoding=UTF-8 com.example.Api_version.ApiVersionApplication

Host: AMD Ryzen 5 PRO 4650U with Radeon Graphics, 12 cores, 7G,  Windows 10 , 64 bit Build 19041 (10.0.19041.3636)
Time: Wed Mar 20 11:34:09 2024 Temps universel coordonné elapsed time: 5369.140710 seconds (0d 1h 29m 29s)

---------------  T H R E A D  ---------------

Current thread (0x00000114cae341e0):  JavaThread "C2 CompilerThread0" daemon [_thread_in_native, id=19772, stack(0x00000003c0e00000,0x00000003c0f00000)]


Current CompileTask:
C2:5369140 18143       4       ch.qos.logback.classic.spi.PackagingDataCalculator::computeBySTEP (81 bytes)

Stack: [0x00000003c0e00000,0x00000003c0f00000]
Native frames: (J=compiled Java code, j=interpreted, Vv=VM code, C=native code)
V  [jvm.dll+0x677d0a]
V  [jvm.dll+0x7d8c54]
V  [jvm.dll+0x7da3fe]
V  [jvm.dll+0x7daa63]
V  [jvm.dll+0x245c5f]
V  [jvm.dll+0xaaa6b]
V  [jvm.dll+0xab00c]
V  [jvm.dll+0x2ab5cf]
V  [jvm.dll+0x580435]
V  [jvm.dll+0x220b22]
V  [jvm.dll+0x220eff]
V  [jvm.dll+0x219e56]
V  [jvm.dll+0x217329]
V  [jvm.dll+0x1a3af0]
V  [jvm.dll+0x2270be]
V  [jvm.dll+0x22535b]
V  [jvm.dll+0x78e7bc]
V  [jvm.dll+0x788bba]
V  [jvm.dll+0x676b35]
C  [ucrtbase.dll+0x21bb2]
C  [KERNEL32.DLL+0x17344]
C  [ntdll.dll+0x526b1]


---------------  P R O C E S S  ---------------

Threads class SMR info:
_java_thread_list=0x0000011510e49c30, length=34, elements={
0x00000114cae1b3d0, 0x00000114cae1bc90, 0x00000114cae2e290, 0x00000114cae2eb50,
0x00000114cae2fc30, 0x00000114cae33130, 0x00000114cae341e0, 0x00000114cae386a0,
0x00000114cae419e0, 0x00000115100ba6c0, 0x00000115103875e0, 0x0000011510894fc0,
0x00000115112b20f0, 0x0000011516397260, 0x0000011516390d50, 0x0000011516392090,
0x0000011516392560, 0x0000011516393d70, 0x0000011516395580, 0x0000011516397c00,
0x0000011516394240, 0x0000011516394710, 0x0000011516394be0, 0x0000011516391bc0,
0x0000011516392a30, 0x0000011516392f00, 0x0000011516391220, 0x0000011516397730,
0x0000011516395a50, 0x00000115163950b0, 0x00000115109390b0, 0x000001151093ddb0,
0x0000011510938be0, 0x000001151093cf40
}

Java Threads: ( => current thread )
  0x00000114cae1b3d0 JavaThread "Reference Handler" daemon [_thread_blocked, id=18852, stack(0x00000003c0800000,0x00000003c0900000)]
  0x00000114cae1bc90 JavaThread "Finalizer" daemon [_thread_blocked, id=19324, stack(0x00000003c0900000,0x00000003c0a00000)]
  0x00000114cae2e290 JavaThread "Signal Dispatcher" daemon [_thread_blocked, id=15848, stack(0x00000003c0a00000,0x00000003c0b00000)]
  0x00000114cae2eb50 JavaThread "Attach Listener" daemon [_thread_blocked, id=2436, stack(0x00000003c0b00000,0x00000003c0c00000)]
  0x00000114cae2fc30 JavaThread "Service Thread" daemon [_thread_blocked, id=20896, stack(0x00000003c0c00000,0x00000003c0d00000)]
  0x00000114cae33130 JavaThread "Monitor Deflation Thread" daemon [_thread_blocked, id=16336, stack(0x00000003c0d00000,0x00000003c0e00000)]
=>0x00000114cae341e0 JavaThread "C2 CompilerThread0" daemon [_thread_in_native, id=19772, stack(0x00000003c0e00000,0x00000003c0f00000)]
  0x00000114cae386a0 JavaThread "C1 CompilerThread0" daemon [_thread_blocked, id=11004, stack(0x00000003c0f00000,0x00000003c1000000)]
  0x00000114cae419e0 JavaThread "Sweeper thread" daemon [_thread_blocked, id=17728, stack(0x00000003c1000000,0x00000003c1100000)]
  0x00000115100ba6c0 JavaThread "Common-Cleaner" daemon [_thread_blocked, id=12232, stack(0x00000003c1100000,0x00000003c1200000)]
  0x00000115103875e0 JavaThread "Monitor Ctrl-Break" daemon [_thread_in_native, id=5240, stack(0x00000003c1300000,0x00000003c1400000)]
  0x0000011510894fc0 JavaThread "Notification Thread" daemon [_thread_blocked, id=11812, stack(0x00000003c1400000,0x00000003c1500000)]
  0x00000115112b20f0 JavaThread "HikariPool-1 housekeeper" daemon [_thread_blocked, id=19872, stack(0x00000003c2400000,0x00000003c2500000)]
  0x0000011516397260 JavaThread "Catalina-utility-1" [_thread_blocked, id=2532, stack(0x00000003c2600000,0x00000003c2700000)]
  0x0000011516390d50 JavaThread "Catalina-utility-2" [_thread_blocked, id=17588, stack(0x00000003c2700000,0x00000003c2800000)]
  0x0000011516392090 JavaThread "container-0" [_thread_blocked, id=18856, stack(0x00000003c2800000,0x00000003c2900000)]
  0x0000011516392560 JavaThread "http-nio-8080-exec-1" daemon [_thread_blocked, id=7908, stack(0x00000003c2900000,0x00000003c2a00000)]
  0x0000011516393d70 JavaThread "http-nio-8080-exec-2" daemon [_thread_blocked, id=21028, stack(0x00000003c2a00000,0x00000003c2b00000)]
  0x0000011516395580 JavaThread "http-nio-8080-exec-3" daemon [_thread_blocked, id=12440, stack(0x00000003c2b00000,0x00000003c2c00000)]
  0x0000011516397c00 JavaThread "http-nio-8080-exec-4" daemon [_thread_blocked, id=3452, stack(0x00000003c2c00000,0x00000003c2d00000)]
  0x0000011516394240 JavaThread "http-nio-8080-exec-5" daemon [_thread_blocked, id=16636, stack(0x00000003c2d00000,0x00000003c2e00000)]
  0x0000011516394710 JavaThread "http-nio-8080-exec-6" daemon [_thread_blocked, id=11584, stack(0x00000003c2e00000,0x00000003c2f00000)]
  0x0000011516394be0 JavaThread "http-nio-8080-exec-7" daemon [_thread_blocked, id=21088, stack(0x00000003c2f00000,0x00000003c3000000)]
  0x0000011516391bc0 JavaThread "http-nio-8080-exec-8" daemon [_thread_blocked, id=15208, stack(0x00000003c3000000,0x00000003c3100000)]
  0x0000011516392a30 JavaThread "http-nio-8080-exec-9" daemon [_thread_blocked, id=8772, stack(0x00000003c3100000,0x00000003c3200000)]
  0x0000011516392f00 JavaThread "http-nio-8080-exec-10" daemon [_thread_blocked, id=2672, stack(0x00000003c3200000,0x00000003c3300000)]
  0x0000011516391220 JavaThread "http-nio-8080-Poller" daemon [_thread_in_native, id=9816, stack(0x00000003c3300000,0x00000003c3400000)]
  0x0000011516397730 JavaThread "http-nio-8080-Acceptor" daemon [_thread_in_native, id=8904, stack(0x00000003c3400000,0x00000003c3500000)]
  0x0000011516395a50 JavaThread "scheduling-1" [_thread_blocked, id=14900, stack(0x00000003c3500000,0x00000003c3600000)]
  0x00000115163950b0 JavaThread "DestroyJavaVM" [_thread_blocked, id=12216, stack(0x00000003c0100000,0x00000003c0200000)]
  0x00000115109390b0 JavaThread "mssql-jdbc-shared-timer-core-4" daemon [_thread_blocked, id=10196, stack(0x00000003bfe00000,0x00000003bff00000)]
  0x000001151093ddb0 JavaThread "HikariPool-1 connection adder" daemon [_thread_blocked, id=5964, stack(0x00000003c1200000,0x00000003c1300000)]
  0x0000011510938be0 JavaThread "pool-2-thread-3" [_thread_blocked, id=14780, stack(0x00000003c1f00000,0x00000003c2000000)]
  0x000001151093cf40 JavaThread "pool-2-thread-4" [_thread_blocked, id=8108, stack(0x00000003c2200000,0x00000003c2300000)]

Other Threads:
  0x00000114cae11af0 VMThread "VM Thread" [stack: 0x00000003c0700000,0x00000003c0800000] [id=9304]
  0x00000114acee1dd0 WatcherThread [stack: 0x00000003c1500000,0x00000003c1600000] [id=15644]
  0x00000114ace85dd0 GCTaskThread "GC Thread#0" [stack: 0x00000003c0200000,0x00000003c0300000] [id=3372]
  0x00000115109fae40 GCTaskThread "GC Thread#1" [stack: 0x00000003c1700000,0x00000003c1800000] [id=19176]
  0x0000011510c98f60 GCTaskThread "GC Thread#2" [stack: 0x00000003c1800000,0x00000003c1900000] [id=19152]
  0x0000011510c8f490 GCTaskThread "GC Thread#3" [stack: 0x00000003c1900000,0x00000003c1a00000] [id=10200]
  0x0000011510cb6a70 GCTaskThread "GC Thread#4" [stack: 0x00000003c1a00000,0x00000003c1b00000] [id=252]
  0x0000011510e713b0 GCTaskThread "GC Thread#5" [stack: 0x00000003c1b00000,0x00000003c1c00000] [id=2248]
  0x0000011510e723d0 GCTaskThread "GC Thread#6" [stack: 0x00000003c1c00000,0x00000003c1d00000] [id=884]
  0x0000011510e72930 GCTaskThread "GC Thread#7" [stack: 0x00000003c1d00000,0x00000003c1e00000] [id=9280]
  0x0000011510e71910 GCTaskThread "GC Thread#8" [stack: 0x00000003c1e00000,0x00000003c1f00000] [id=6860]
  0x0000011510e72be0 GCTaskThread "GC Thread#9" [stack: 0x00000003c2000000,0x00000003c2100000] [id=11764]
  0x00000114ace96f00 ConcurrentGCThread "G1 Main Marker" [stack: 0x00000003c0300000,0x00000003c0400000] [id=4628]
  0x00000114ace97820 ConcurrentGCThread "G1 Conc#0" [stack: 0x00000003c0400000,0x00000003c0500000] [id=8972]
  0x0000011513008ca0 ConcurrentGCThread "G1 Conc#1" [stack: 0x00000003c1600000,0x00000003c1700000] [id=17416]
  0x0000011513009a10 ConcurrentGCThread "G1 Conc#2" [stack: 0x00000003c2100000,0x00000003c2200000] [id=6968]
  0x00000114cacc6da0 ConcurrentGCThread "G1 Refine#0" [stack: 0x00000003c0500000,0x00000003c0600000] [id=19304]
  0x00000114cacc8d90 ConcurrentGCThread "G1 Service" [stack: 0x00000003c0600000,0x00000003c0700000] [id=7976]

Threads with active compile tasks:
C2 CompilerThread0  5369279 18143       4       ch.qos.logback.classic.spi.PackagingDataCalculator::computeBySTEP (81 bytes)

VM state: not at safepoint (normal execution)

VM Mutex/Monitor currently owned by a thread: None

Heap address: 0x000000008aa00000, size: 1878 MB, Compressed Oops mode: 32-bit

CDS archive(s) mapped at: [0x00000114cb000000-0x00000114cbbd0000-0x00000114cbbd0000), size 12386304, SharedBaseAddress: 0x00000114cb000000, ArchiveRelocationMode: 1.
Compressed class space mapped at: 0x00000114cc000000-0x000001150c000000, reserved size: 1073741824
Narrow klass base: 0x00000114cb000000, Narrow klass shift: 0, Narrow klass range: 0x100000000

GC Precious Log:
 CPUs: 12 total, 12 available
 Memory: 7505M
 Large Page Support: Disabled
 NUMA Support: Disabled
 Compressed Oops: Enabled (32-bit)
 Heap Region Size: 1M
 Heap Min Capacity: 8M
 Heap Initial Capacity: 118M
 Heap Max Capacity: 1878M
 Pre-touch: Disabled
 Parallel Workers: 10
 Concurrent Workers: 3
 Concurrent Refinement Workers: 10
 Periodic GC: Disabled

Heap:
 garbage-first heap   total 120832K, used 97151K [0x000000008aa00000, 0x0000000100000000)
  region size 1024K, 49 young (50176K), 1 survivors (1024K)
 Metaspace       used 83750K, committed 84352K, reserved 1179648K
  class space    used 10477K, committed 10752K, reserved 1048576K

Heap Regions: E=young(eden), S=young(survivor), O=old, HS=humongous(starts), HC=humongous(continues), CS=collection set, F=free, OA=open archive, CA=closed archive, TAMS=top-at-mark-start (previous, next)
|   0|0x000000008aa00000, 0x000000008ab00000, 0x000000008ab00000|100%|HS|  |TAMS 0x000000008ab00000, 0x000000008aa00000| Complete 
|   1|0x000000008ab00000, 0x000000008ac00000, 0x000000008ac00000|100%| O|  |TAMS 0x000000008ac00000, 0x000000008ab00000| Untracked 
|   2|0x000000008ac00000, 0x000000008ad00000, 0x000000008ad00000|100%| O|  |TAMS 0x000000008ad00000, 0x000000008ac00000| Untracked 
|   3|0x000000008ad00000, 0x000000008ae00000, 0x000000008ae00000|100%| O|  |TAMS 0x000000008ae00000, 0x000000008ad00000| Untracked 
|   4|0x000000008ae00000, 0x000000008af00000, 0x000000008af00000|100%| O|  |TAMS 0x000000008af00000, 0x000000008ae00000| Untracked 
|   5|0x000000008af00000, 0x000000008b000000, 0x000000008b000000|100%| O|  |TAMS 0x000000008b000000, 0x000000008af00000| Untracked 
|   6|0x000000008b000000, 0x000000008b100000, 0x000000008b100000|100%| O|  |TAMS 0x000000008b100000, 0x000000008b000000| Untracked 
|   7|0x000000008b100000, 0x000000008b200000, 0x000000008b200000|100%| O|  |TAMS 0x000000008b200000, 0x000000008b100000| Untracked 
|   8|0x000000008b200000, 0x000000008b300000, 0x000000008b300000|100%| O|  |TAMS 0x000000008b300000, 0x000000008b200000| Untracked 
|   9|0x000000008b300000, 0x000000008b400000, 0x000000008b400000|100%| O|  |TAMS 0x000000008b400000, 0x000000008b300000| Untracked 
|  10|0x000000008b400000, 0x000000008b500000, 0x000000008b500000|100%| O|  |TAMS 0x000000008b500000, 0x000000008b400000| Untracked 
|  11|0x000000008b500000, 0x000000008b600000, 0x000000008b600000|100%| O|  |TAMS 0x000000008b600000, 0x000000008b500000| Untracked 
|  12|0x000000008b600000, 0x000000008b6aa800, 0x000000008b700000| 66%| O|  |TAMS 0x000000008b6aa800, 0x000000008b600000| Untracked 
|  13|0x000000008b700000, 0x000000008b800000, 0x000000008b800000|100%| O|  |TAMS 0x000000008b800000, 0x000000008b700000| Untracked 
|  14|0x000000008b800000, 0x000000008b900000, 0x000000008b900000|100%| O|  |TAMS 0x000000008b900000, 0x000000008b800000| Untracked 
|  15|0x000000008b900000, 0x000000008ba00000, 0x000000008ba00000|100%| O|  |TAMS 0x000000008ba00000, 0x000000008b900000| Untracked 
|  16|0x000000008ba00000, 0x000000008bb00000, 0x000000008bb00000|100%| O|  |TAMS 0x000000008bb00000, 0x000000008ba00000| Untracked 
|  17|0x000000008bb00000, 0x000000008bc00000, 0x000000008bc00000|100%| O|  |TAMS 0x000000008bc00000, 0x000000008bb00000| Untracked 
|  18|0x000000008bc00000, 0x000000008bd00000, 0x000000008bd00000|100%| O|  |TAMS 0x000000008bd00000, 0x000000008bc00000| Untracked 
|  19|0x000000008bd00000, 0x000000008be00000, 0x000000008be00000|100%| O|  |TAMS 0x000000008be00000, 0x000000008bd00000| Untracked 
|  20|0x000000008be00000, 0x000000008bf00000, 0x000000008bf00000|100%| O|  |TAMS 0x000000008bf00000, 0x000000008be00000| Untracked 
|  21|0x000000008bf00000, 0x000000008c000000, 0x000000008c000000|100%| O|  |TAMS 0x000000008c000000, 0x000000008bf00000| Untracked 
|  22|0x000000008c000000, 0x000000008c100000, 0x000000008c100000|100%| O|  |TAMS 0x000000008c100000, 0x000000008c000000| Untracked 
|  23|0x000000008c100000, 0x000000008c200000, 0x000000008c200000|100%| O|  |TAMS 0x000000008c200000, 0x000000008c100000| Untracked 
|  24|0x000000008c200000, 0x000000008c300000, 0x000000008c300000|100%| O|  |TAMS 0x000000008c300000, 0x000000008c200000| Untracked 
|  25|0x000000008c300000, 0x000000008c400000, 0x000000008c400000|100%| O|  |TAMS 0x000000008c400000, 0x000000008c300000| Untracked 
|  26|0x000000008c400000, 0x000000008c500000, 0x000000008c500000|100%| O|  |TAMS 0x000000008c500000, 0x000000008c400000| Untracked 
|  27|0x000000008c500000, 0x000000008c600000, 0x000000008c600000|100%| O|  |TAMS 0x000000008c600000, 0x000000008c500000| Untracked 
|  28|0x000000008c600000, 0x000000008c700000, 0x000000008c700000|100%| O|  |TAMS 0x000000008c700000, 0x000000008c600000| Untracked 
|  29|0x000000008c700000, 0x000000008c800000, 0x000000008c800000|100%| O|  |TAMS 0x000000008c7f8400, 0x000000008c700000| Untracked 
|  30|0x000000008c800000, 0x000000008c900000, 0x000000008c900000|100%| O|  |TAMS 0x000000008c800000, 0x000000008c800000| Untracked 
|  31|0x000000008c900000, 0x000000008ca00000, 0x000000008ca00000|100%| O|  |TAMS 0x000000008c900000, 0x000000008c900000| Untracked 
|  32|0x000000008ca00000, 0x000000008cb00000, 0x000000008cb00000|100%| O|  |TAMS 0x000000008ca00000, 0x000000008ca00000| Untracked 
|  33|0x000000008cb00000, 0x000000008cc00000, 0x000000008cc00000|100%| O|  |TAMS 0x000000008cb00000, 0x000000008cb00000| Untracked 
|  34|0x000000008cc00000, 0x000000008cd00000, 0x000000008cd00000|100%| O|  |TAMS 0x000000008cc00000, 0x000000008cc00000| Untracked 
|  35|0x000000008cd00000, 0x000000008ce00000, 0x000000008ce00000|100%| O|  |TAMS 0x000000008cd00000, 0x000000008cd00000| Untracked 
|  36|0x000000008ce00000, 0x000000008cf00000, 0x000000008cf00000|100%| O|  |TAMS 0x000000008ce00000, 0x000000008ce00000| Untracked 
|  37|0x000000008cf00000, 0x000000008d000000, 0x000000008d000000|100%| O|  |TAMS 0x000000008cf00000, 0x000000008cf00000| Untracked 
|  38|0x000000008d000000, 0x000000008d100000, 0x000000008d100000|100%| O|  |TAMS 0x000000008d000000, 0x000000008d000000| Untracked 
|  39|0x000000008d100000, 0x000000008d200000, 0x000000008d200000|100%| O|  |TAMS 0x000000008d100000, 0x000000008d100000| Untracked 
|  40|0x000000008d200000, 0x000000008d300000, 0x000000008d300000|100%| O|  |TAMS 0x000000008d200000, 0x000000008d200000| Untracked 
|  41|0x000000008d300000, 0x000000008d400000, 0x000000008d400000|100%| O|  |TAMS 0x000000008d300000, 0x000000008d300000| Untracked 
|  42|0x000000008d400000, 0x000000008d500000, 0x000000008d500000|100%| O|  |TAMS 0x000000008d400000, 0x000000008d400000| Untracked 
|  43|0x000000008d500000, 0x000000008d600000, 0x000000008d600000|100%| O|  |TAMS 0x000000008d500000, 0x000000008d500000| Untracked 
|  44|0x000000008d600000, 0x000000008d700000, 0x000000008d700000|100%| O|  |TAMS 0x000000008d600000, 0x000000008d600000| Untracked 
|  45|0x000000008d700000, 0x000000008d800000, 0x000000008d800000|100%| O|  |TAMS 0x000000008d700000, 0x000000008d700000| Untracked 
|  46|0x000000008d800000, 0x000000008d900000, 0x000000008d900000|100%| O|  |TAMS 0x000000008d800000, 0x000000008d800000| Untracked 
|  47|0x000000008d900000, 0x000000008da00000, 0x000000008da00000|100%| O|  |TAMS 0x000000008d900000, 0x000000008d900000| Untracked 
|  48|0x000000008da00000, 0x000000008db00000, 0x000000008db00000|100%| O|  |TAMS 0x000000008da00000, 0x000000008da00000| Untracked 
|  49|0x000000008db00000, 0x000000008db09e00, 0x000000008dc00000|  3%| O|  |TAMS 0x000000008db00000, 0x000000008db00000| Untracked 
|  50|0x000000008dc00000, 0x000000008dc00000, 0x000000008dd00000|  0%| F|  |TAMS 0x000000008dc00000, 0x000000008dc00000| Untracked 
|  51|0x000000008dd00000, 0x000000008dd00000, 0x000000008de00000|  0%| F|  |TAMS 0x000000008dd00000, 0x000000008dd00000| Untracked 
|  52|0x000000008de00000, 0x000000008de00000, 0x000000008df00000|  0%| F|  |TAMS 0x000000008de00000, 0x000000008de00000| Untracked 
|  53|0x000000008df00000, 0x000000008df00000, 0x000000008e000000|  0%| F|  |TAMS 0x000000008df00000, 0x000000008df00000| Untracked 
|  54|0x000000008e000000, 0x000000008e000000, 0x000000008e100000|  0%| F|  |TAMS 0x000000008e000000, 0x000000008e000000| Untracked 
|  55|0x000000008e100000, 0x000000008e100000, 0x000000008e200000|  0%| F|  |TAMS 0x000000008e100000, 0x000000008e100000| Untracked 
|  56|0x000000008e200000, 0x000000008e200000, 0x000000008e300000|  0%| F|  |TAMS 0x000000008e200000, 0x000000008e200000| Untracked 
|  57|0x000000008e300000, 0x000000008e300000, 0x000000008e400000|  0%| F|  |TAMS 0x000000008e300000, 0x000000008e300000| Untracked 
|  58|0x000000008e400000, 0x000000008e400000, 0x000000008e500000|  0%| F|  |TAMS 0x000000008e400000, 0x000000008e400000| Untracked 
|  59|0x000000008e500000, 0x000000008e500000, 0x000000008e600000|  0%| F|  |TAMS 0x000000008e500000, 0x000000008e500000| Untracked 
|  60|0x000000008e600000, 0x000000008e600000, 0x000000008e700000|  0%| F|  |TAMS 0x000000008e600000, 0x000000008e600000| Untracked 
|  61|0x000000008e700000, 0x000000008e700000, 0x000000008e800000|  0%| F|  |TAMS 0x000000008e700000, 0x000000008e700000| Untracked 
|  62|0x000000008e800000, 0x000000008e82b680, 0x000000008e900000| 16%| S|CS|TAMS 0x000000008e800000, 0x000000008e800000| Complete 
|  63|0x000000008e900000, 0x000000008e900000, 0x000000008ea00000|  0%| F|  |TAMS 0x000000008e900000, 0x000000008e900000| Untracked 
|  64|0x000000008ea00000, 0x000000008ea00000, 0x000000008eb00000|  0%| F|  |TAMS 0x000000008ea00000, 0x000000008ea00000| Untracked 
|  65|0x000000008eb00000, 0x000000008eb00000, 0x000000008ec00000|  0%| F|  |TAMS 0x000000008eb00000, 0x000000008eb00000| Untracked 
|  66|0x000000008ec00000, 0x000000008ec00000, 0x000000008ed00000|  0%| F|  |TAMS 0x000000008ec00000, 0x000000008ec00000| Untracked 
|  67|0x000000008ed00000, 0x000000008ed00000, 0x000000008ee00000|  0%| F|  |TAMS 0x000000008ed00000, 0x000000008ed00000| Untracked 
|  68|0x000000008ee00000, 0x000000008ee00000, 0x000000008ef00000|  0%| F|  |TAMS 0x000000008ee00000, 0x000000008ee00000| Untracked 
|  69|0x000000008ef00000, 0x000000008ef00000, 0x000000008f000000|  0%| F|  |TAMS 0x000000008ef00000, 0x000000008ef00000| Untracked 
|  70|0x000000008f000000, 0x000000008f0cfba8, 0x000000008f100000| 81%| E|  |TAMS 0x000000008f000000, 0x000000008f000000| Complete 
|  71|0x000000008f100000, 0x000000008f200000, 0x000000008f200000|100%| E|CS|TAMS 0x000000008f100000, 0x000000008f100000| Complete 
|  72|0x000000008f200000, 0x000000008f300000, 0x000000008f300000|100%| E|CS|TAMS 0x000000008f200000, 0x000000008f200000| Complete 
|  73|0x000000008f300000, 0x000000008f400000, 0x000000008f400000|100%| E|CS|TAMS 0x000000008f300000, 0x000000008f300000| Complete 
|  74|0x000000008f400000, 0x000000008f500000, 0x000000008f500000|100%| E|CS|TAMS 0x000000008f400000, 0x000000008f400000| Complete 
|  75|0x000000008f500000, 0x000000008f600000, 0x000000008f600000|100%| E|CS|TAMS 0x000000008f500000, 0x000000008f500000| Complete 
|  76|0x000000008f600000, 0x000000008f700000, 0x000000008f700000|100%| E|CS|TAMS 0x000000008f600000, 0x000000008f600000| Complete 
|  77|0x000000008f700000, 0x000000008f800000, 0x000000008f800000|100%| E|CS|TAMS 0x000000008f700000, 0x000000008f700000| Complete 
|  78|0x000000008f800000, 0x000000008f900000, 0x000000008f900000|100%| E|CS|TAMS 0x000000008f800000, 0x000000008f800000| Complete 
|  79|0x000000008f900000, 0x000000008fa00000, 0x000000008fa00000|100%| E|CS|TAMS 0x000000008f900000, 0x000000008f900000| Complete 
|  80|0x000000008fa00000, 0x000000008fb00000, 0x000000008fb00000|100%| E|CS|TAMS 0x000000008fa00000, 0x000000008fa00000| Complete 
|  81|0x000000008fb00000, 0x000000008fc00000, 0x000000008fc00000|100%| E|  |TAMS 0x000000008fb00000, 0x000000008fb00000| Complete 
|  82|0x000000008fc00000, 0x000000008fd00000, 0x000000008fd00000|100%| E|CS|TAMS 0x000000008fc00000, 0x000000008fc00000| Complete 
|  83|0x000000008fd00000, 0x000000008fe00000, 0x000000008fe00000|100%| E|CS|TAMS 0x000000008fd00000, 0x000000008fd00000| Complete 
|  84|0x000000008fe00000, 0x000000008ff00000, 0x000000008ff00000|100%| E|CS|TAMS 0x000000008fe00000, 0x000000008fe00000| Complete 
|  85|0x000000008ff00000, 0x0000000090000000, 0x0000000090000000|100%| E|CS|TAMS 0x000000008ff00000, 0x000000008ff00000| Complete 
|  86|0x0000000090000000, 0x0000000090100000, 0x0000000090100000|100%| E|CS|TAMS 0x0000000090000000, 0x0000000090000000| Complete 
|  87|0x0000000090100000, 0x0000000090200000, 0x0000000090200000|100%| E|CS|TAMS 0x0000000090100000, 0x0000000090100000| Complete 
|  88|0x0000000090200000, 0x0000000090300000, 0x0000000090300000|100%| E|CS|TAMS 0x0000000090200000, 0x0000000090200000| Complete 
|  89|0x0000000090300000, 0x0000000090400000, 0x0000000090400000|100%| E|CS|TAMS 0x0000000090300000, 0x0000000090300000| Complete 
|  90|0x0000000090400000, 0x0000000090500000, 0x0000000090500000|100%| E|CS|TAMS 0x0000000090400000, 0x0000000090400000| Complete 
|  91|0x0000000090500000, 0x0000000090600000, 0x0000000090600000|100%| E|CS|TAMS 0x0000000090500000, 0x0000000090500000| Complete 
|  92|0x0000000090600000, 0x0000000090700000, 0x0000000090700000|100%| E|CS|TAMS 0x0000000090600000, 0x0000000090600000| Complete 
|  93|0x0000000090700000, 0x0000000090800000, 0x0000000090800000|100%| E|CS|TAMS 0x0000000090700000, 0x0000000090700000| Complete 
|  94|0x0000000090800000, 0x0000000090900000, 0x0000000090900000|100%| E|CS|TAMS 0x0000000090800000, 0x0000000090800000| Complete 
|  95|0x0000000090900000, 0x0000000090a00000, 0x0000000090a00000|100%| E|CS|TAMS 0x0000000090900000, 0x0000000090900000| Complete 
|  96|0x0000000090a00000, 0x0000000090b00000, 0x0000000090b00000|100%| E|CS|TAMS 0x0000000090a00000, 0x0000000090a00000| Complete 
|  97|0x0000000090b00000, 0x0000000090c00000, 0x0000000090c00000|100%| E|CS|TAMS 0x0000000090b00000, 0x0000000090b00000| Complete 
|  98|0x0000000090c00000, 0x0000000090d00000, 0x0000000090d00000|100%| E|CS|TAMS 0x0000000090c00000, 0x0000000090c00000| Complete 
|  99|0x0000000090d00000, 0x0000000090e00000, 0x0000000090e00000|100%| E|CS|TAMS 0x0000000090d00000, 0x0000000090d00000| Complete 
| 100|0x0000000090e00000, 0x0000000090f00000, 0x0000000090f00000|100%| E|CS|TAMS 0x0000000090e00000, 0x0000000090e00000| Complete 
| 101|0x0000000090f00000, 0x0000000091000000, 0x0000000091000000|100%| E|CS|TAMS 0x0000000090f00000, 0x0000000090f00000| Complete 
| 102|0x0000000091000000, 0x0000000091100000, 0x0000000091100000|100%| E|CS|TAMS 0x0000000091000000, 0x0000000091000000| Complete 
| 103|0x0000000091100000, 0x0000000091200000, 0x0000000091200000|100%| E|CS|TAMS 0x0000000091100000, 0x0000000091100000| Complete 
| 104|0x0000000091200000, 0x0000000091300000, 0x0000000091300000|100%| E|CS|TAMS 0x0000000091200000, 0x0000000091200000| Complete 
| 105|0x0000000091300000, 0x0000000091400000, 0x0000000091400000|100%| E|CS|TAMS 0x0000000091300000, 0x0000000091300000| Complete 
| 106|0x0000000091400000, 0x0000000091500000, 0x0000000091500000|100%| E|CS|TAMS 0x0000000091400000, 0x0000000091400000| Complete 
| 107|0x0000000091500000, 0x0000000091600000, 0x0000000091600000|100%| E|CS|TAMS 0x0000000091500000, 0x0000000091500000| Complete 
| 108|0x0000000091600000, 0x0000000091700000, 0x0000000091700000|100%| E|CS|TAMS 0x0000000091600000, 0x0000000091600000| Complete 
| 109|0x0000000091700000, 0x0000000091800000, 0x0000000091800000|100%| E|CS|TAMS 0x0000000091700000, 0x0000000091700000| Complete 
| 110|0x0000000091800000, 0x0000000091900000, 0x0000000091900000|100%| E|CS|TAMS 0x0000000091800000, 0x0000000091800000| Complete 
| 111|0x0000000091900000, 0x0000000091a00000, 0x0000000091a00000|100%| E|CS|TAMS 0x0000000091900000, 0x0000000091900000| Complete 
| 112|0x0000000091a00000, 0x0000000091b00000, 0x0000000091b00000|100%| E|CS|TAMS 0x0000000091a00000, 0x0000000091a00000| Complete 
| 113|0x0000000091b00000, 0x0000000091c00000, 0x0000000091c00000|100%| E|CS|TAMS 0x0000000091b00000, 0x0000000091b00000| Complete 
| 114|0x0000000091c00000, 0x0000000091d00000, 0x0000000091d00000|100%| E|CS|TAMS 0x0000000091c00000, 0x0000000091c00000| Complete 
| 115|0x0000000091d00000, 0x0000000091e00000, 0x0000000091e00000|100%| E|CS|TAMS 0x0000000091d00000, 0x0000000091d00000| Complete 
| 116|0x0000000091e00000, 0x0000000091f00000, 0x0000000091f00000|100%| E|CS|TAMS 0x0000000091e00000, 0x0000000091e00000| Complete 
| 117|0x0000000091f00000, 0x0000000092000000, 0x0000000092000000|100%| E|CS|TAMS 0x0000000091f00000, 0x0000000091f00000| Complete 

Card table byte_map: [0x00000114c3fc0000,0x00000114c4370000] _byte_map_base: 0x00000114c3b6b000

Marking Bits (Prev, Next): (CMBitMap*) 0x00000114ace87340, (CMBitMap*) 0x00000114ace87300
 Prev Bits: [0x00000114c6480000, 0x00000114c81d8000)
 Next Bits: [0x00000114c4720000, 0x00000114c6478000)

Polling page: 0x00000114aac80000

Metaspace:

Usage:
  Non-class:     71.56 MB used.
      Class:     10.23 MB used.
       Both:     81.79 MB used.

Virtual space:
  Non-class space:      128.00 MB reserved,      71.88 MB ( 56%) committed,  2 nodes.
      Class space:        1.00 GB reserved,      10.50 MB (  1%) committed,  1 nodes.
             Both:        1.12 GB reserved,      82.38 MB (  7%) committed. 

Chunk freelists:
   Non-Class:  7.86 MB
       Class:  5.38 MB
        Both:  13.24 MB

MaxMetaspaceSize: unlimited
CompressedClassSpaceSize: 1.00 GB
Initial GC threshold: 21.00 MB
Current GC threshold: 98.06 MB
CDS: on
MetaspaceReclaimPolicy: balanced
 - commit_granule_bytes: 65536.
 - commit_granule_words: 8192.
 - virtual_space_node_default_size: 8388608.
 - enlarge_chunks_in_place: 1.
 - new_chunks_are_fully_committed: 0.
 - uncommit_free_chunks: 1.
 - use_allocation_guard: 0.
 - handle_deallocations: 1.


Internal statistics:

num_allocs_failed_limit: 9.
num_arena_births: 1012.
num_arena_deaths: 0.
num_vsnodes_births: 3.
num_vsnodes_deaths: 0.
num_space_committed: 1318.
num_space_uncommitted: 0.
num_chunks_returned_to_freelist: 9.
num_chunks_taken_from_freelist: 4111.
num_chunk_merges: 9.
num_chunk_splits: 2908.
num_chunks_enlarged: 2182.
num_purges: 0.
num_inconsistent_stats: 0.

CodeHeap 'non-profiled nmethods': size=120000Kb used=16485Kb max_used=16485Kb free=103514Kb
 bounds [0x00000114bc190000, 0x00000114bd1b0000, 0x00000114c36c0000]
CodeHeap 'profiled nmethods': size=120000Kb used=19284Kb max_used=25664Kb free=100715Kb
 bounds [0x00000114b46c0000, 0x00000114b6020000, 0x00000114bbbf0000]
CodeHeap 'non-nmethods': size=5760Kb used=1394Kb max_used=1479Kb free=4366Kb
 bounds [0x00000114bbbf0000, 0x00000114bbe60000, 0x00000114bc190000]
 total_blobs=14109 nmethods=13381 adapters=639
 compilation: enabled
              stopped_count=0, restarted_count=0
 full_count=0

Compilation events (20 events):
Event: 5368.828 Thread 0x00000114cae341e0 nmethod 18142 0x00000114bd1a8710 code [0x00000114bd1a8880, 0x00000114bd1a89d8]
Event: 5368.828 Thread 0x00000114cae341e0 18143       4       ch.qos.logback.classic.spi.PackagingDataCalculator::computeBySTEP (81 bytes)
Event: 5368.851 Thread 0x00000114cae386a0 18144       1       ch.qos.logback.classic.spi.LoggingEvent::getLevel (5 bytes)
Event: 5368.851 Thread 0x00000114cae386a0 nmethod 18144 0x00000114bd1a8a90 code [0x00000114bd1a8c20, 0x00000114bd1a8cf8]
Event: 5368.853 Thread 0x00000114cae386a0 18146       1       org.apache.catalina.core.StandardContext::getPath (5 bytes)
Event: 5368.853 Thread 0x00000114cae386a0 nmethod 18146 0x00000114bd1a8d90 code [0x00000114bd1a8f20, 0x00000114bd1a8ff8]
Event: 5368.913 Thread 0x00000114cae386a0 18147       1       com.microsoft.sqlserver.jdbc.SQLServerError::getErrorNumber (5 bytes)
Event: 5368.913 Thread 0x00000114cae386a0 nmethod 18147 0x00000114bd1a9090 code [0x00000114bd1a9220, 0x00000114bd1a92f8]
Event: 5368.913 Thread 0x00000114cae386a0 18148       1       java.sql.SQLException::getErrorCode (5 bytes)
Event: 5368.914 Thread 0x00000114cae386a0 nmethod 18148 0x00000114bd1a9390 code [0x00000114bd1a9520, 0x00000114bd1a95f8]
Event: 5368.922 Thread 0x00000114cae386a0 18149       3       org.apache.catalina.core.ApplicationHttpRequest::removeSpecial (39 bytes)
Event: 5368.923 Thread 0x00000114cae386a0 nmethod 18149 0x00000114b5b3e990 code [0x00000114b5b3eb60, 0x00000114b5b3efa8]
Event: 5369.082 Thread 0x00000114cae386a0 18150  s!   3       java.net.Socket::close (47 bytes)
Event: 5369.083 Thread 0x00000114cae386a0 nmethod 18150 0x00000114b5522290 code [0x00000114b5522460, 0x00000114b55229b8]
Event: 5369.094 Thread 0x00000114cae386a0 18151       3       java.lang.Exception::<init> (6 bytes)
Event: 5369.095 Thread 0x00000114cae386a0 nmethod 18151 0x00000114b59b1490 code [0x00000114b59b1620, 0x00000114b59b1768]
Event: 5369.095 Thread 0x00000114cae386a0 18152       3       java.lang.Throwable::<init> (50 bytes)
Event: 5369.116 Thread 0x00000114cae386a0 nmethod 18152 0x00000114b5bfa410 code [0x00000114b5bfa5e0, 0x00000114b5bfab38]
Event: 5369.116 Thread 0x00000114cae386a0 18153       3       java.io.BufferedOutputStream::flushBuffer (29 bytes)
Event: 5369.117 Thread 0x00000114cae386a0 nmethod 18153 0x00000114b5c37110 code [0x00000114b5c372c0, 0x00000114b5c374e8]

GC Heap History (20 events):
Event: 5317.998 GC heap before
{Heap before GC invocations=198 (full 0):
 garbage-first heap   total 120832K, used 104205K [0x000000008aa00000, 0x0000000100000000)
  region size 1024K, 55 young (56320K), 1 survivors (1024K)
 Metaspace       used 83692K, committed 84288K, reserved 1179648K
  class space    used 10477K, committed 10752K, reserved 1048576K
}
Event: 5318.000 GC heap after
{Heap after GC invocations=199 (full 0):
 garbage-first heap   total 120832K, used 49937K [0x000000008aa00000, 0x0000000100000000)
  region size 1024K, 1 young (1024K), 1 survivors (1024K)
 Metaspace       used 83692K, committed 84288K, reserved 1179648K
  class space    used 10477K, committed 10752K, reserved 1048576K
}
Event: 5322.364 GC heap before
{Heap before GC invocations=199 (full 0):
 garbage-first heap   total 120832K, used 105233K [0x000000008aa00000, 0x0000000100000000)
  region size 1024K, 55 young (56320K), 1 survivors (1024K)
 Metaspace       used 83692K, committed 84288K, reserved 1179648K
  class space    used 10477K, committed 10752K, reserved 1048576K
}
Event: 5322.366 GC heap after
{Heap after GC invocations=200 (full 0):
 garbage-first heap   total 120832K, used 49939K [0x000000008aa00000, 0x0000000100000000)
  region size 1024K, 1 young (1024K), 1 survivors (1024K)
 Metaspace       used 83692K, committed 84288K, reserved 1179648K
  class space    used 10477K, committed 10752K, reserved 1048576K
}
Event: 5326.754 GC heap before
{Heap before GC invocations=200 (full 0):
 garbage-first heap   total 120832K, used 104211K [0x000000008aa00000, 0x0000000100000000)
  region size 1024K, 55 young (56320K), 1 survivors (1024K)
 Metaspace       used 83692K, committed 84288K, reserved 1179648K
  class space    used 10477K, committed 10752K, reserved 1048576K
}
Event: 5326.756 GC heap after
{Heap after GC invocations=201 (full 0):
 garbage-first heap   total 120832K, used 49937K [0x000000008aa00000, 0x0000000100000000)
  region size 1024K, 1 young (1024K), 1 survivors (1024K)
 Metaspace       used 83692K, committed 84288K, reserved 1179648K
  class space    used 10477K, committed 10752K, reserved 1048576K
}
Event: 5330.949 GC heap before
{Heap before GC invocations=201 (full 0):
 garbage-first heap   total 120832K, used 105233K [0x000000008aa00000, 0x0000000100000000)
  region size 1024K, 55 young (56320K), 1 survivors (1024K)
 Metaspace       used 83692K, committed 84288K, reserved 1179648K
  class space    used 10477K, committed 10752K, reserved 1048576K
}
Event: 5330.954 GC heap after
{Heap after GC invocations=202 (full 0):
 garbage-first heap   total 120832K, used 49945K [0x000000008aa00000, 0x0000000100000000)
  region size 1024K, 1 young (1024K), 1 survivors (1024K)
 Metaspace       used 83692K, committed 84288K, reserved 1179648K
  class space    used 10477K, committed 10752K, reserved 1048576K
}
Event: 5335.400 GC heap before
{Heap before GC invocations=202 (full 0):
 garbage-first heap   total 120832K, used 104217K [0x000000008aa00000, 0x0000000100000000)
  region size 1024K, 55 young (56320K), 1 survivors (1024K)
 Metaspace       used 83692K, committed 84288K, reserved 1179648K
  class space    used 10477K, committed 10752K, reserved 1048576K
}
Event: 5335.403 GC heap after
{Heap after GC invocations=203 (full 0):
 garbage-first heap   total 120832K, used 49943K [0x000000008aa00000, 0x0000000100000000)
  region size 1024K, 1 young (1024K), 1 survivors (1024K)
 Metaspace       used 83692K, committed 84288K, reserved 1179648K
  class space    used 10477K, committed 10752K, reserved 1048576K
}
Event: 5339.670 GC heap before
{Heap before GC invocations=203 (full 0):
 garbage-first heap   total 120832K, used 104215K [0x000000008aa00000, 0x0000000100000000)
  region size 1024K, 55 young (56320K), 1 survivors (1024K)
 Metaspace       used 83692K, committed 84288K, reserved 1179648K
  class space    used 10477K, committed 10752K, reserved 1048576K
}
Event: 5339.673 GC heap after
{Heap after GC invocations=204 (full 0):
 garbage-first heap   total 120832K, used 49937K [0x000000008aa00000, 0x0000000100000000)
  region size 1024K, 1 young (1024K), 1 survivors (1024K)
 Metaspace       used 83692K, committed 84288K, reserved 1179648K
  class space    used 10477K, committed 10752K, reserved 1048576K
}
Event: 5346.294 GC heap before
{Heap before GC invocations=204 (full 0):
 garbage-first heap   total 120832K, used 104209K [0x000000008aa00000, 0x0000000100000000)
  region size 1024K, 55 young (56320K), 1 survivors (1024K)
 Metaspace       used 83692K, committed 84288K, reserved 1179648K
  class space    used 10477K, committed 10752K, reserved 1048576K
}
Event: 5346.298 GC heap after
{Heap after GC invocations=205 (full 0):
 garbage-first heap   total 120832K, used 49935K [0x000000008aa00000, 0x0000000100000000)
  region size 1024K, 1 young (1024K), 1 survivors (1024K)
 Metaspace       used 83692K, committed 84288K, reserved 1179648K
  class space    used 10477K, committed 10752K, reserved 1048576K
}
Event: 5350.982 GC heap before
{Heap before GC invocations=205 (full 0):
 garbage-first heap   total 120832K, used 104207K [0x000000008aa00000, 0x0000000100000000)
  region size 1024K, 55 young (56320K), 1 survivors (1024K)
 Metaspace       used 83692K, committed 84288K, reserved 1179648K
  class space    used 10477K, committed 10752K, reserved 1048576K
}
Event: 5350.987 GC heap after
{Heap after GC invocations=206 (full 0):
 garbage-first heap   total 120832K, used 49955K [0x000000008aa00000, 0x0000000100000000)
  region size 1024K, 1 young (1024K), 1 survivors (1024K)
 Metaspace       used 83692K, committed 84288K, reserved 1179648K
  class space    used 10477K, committed 10752K, reserved 1048576K
}
Event: 5355.287 GC heap before
{Heap before GC invocations=206 (full 0):
 garbage-first heap   total 120832K, used 104227K [0x000000008aa00000, 0x0000000100000000)
  region size 1024K, 55 young (56320K), 1 survivors (1024K)
 Metaspace       used 83694K, committed 84288K, reserved 1179648K
  class space    used 10477K, committed 10752K, reserved 1048576K
}
Event: 5355.292 GC heap after
{Heap after GC invocations=207 (full 0):
 garbage-first heap   total 120832K, used 50078K [0x000000008aa00000, 0x0000000100000000)
  region size 1024K, 1 young (1024K), 1 survivors (1024K)
 Metaspace       used 83694K, committed 84288K, reserved 1179648K
  class space    used 10477K, committed 10752K, reserved 1048576K
}
Event: 5360.380 GC heap before
{Heap before GC invocations=207 (full 0):
 garbage-first heap   total 120832K, used 104350K [0x000000008aa00000, 0x0000000100000000)
  region size 1024K, 55 young (56320K), 1 survivors (1024K)
 Metaspace       used 83694K, committed 84288K, reserved 1179648K
  class space    used 10477K, committed 10752K, reserved 1048576K
}
Event: 5360.384 GC heap after
{Heap after GC invocations=208 (full 0):
 garbage-first heap   total 120832K, used 50047K [0x000000008aa00000, 0x0000000100000000)
  region size 1024K, 1 young (1024K), 1 survivors (1024K)
 Metaspace       used 83694K, committed 84288K, reserved 1179648K
  class space    used 10477K, committed 10752K, reserved 1048576K
}

Deoptimization events (20 events):
Event: 5367.757 Thread 0x0000011516391bc0 DEOPT PACKING pc=0x00000114bca44648 sp=0x00000003c30fe770
Event: 5367.757 Thread 0x0000011516391bc0 DEOPT UNPACKING pc=0x00000114bbc423a3 sp=0x00000003c30fe730 mode 2
Event: 5367.759 Thread 0x0000011516391bc0 DEOPT PACKING pc=0x00000114b4bfbc14 sp=0x00000003c30fd6e0
Event: 5367.760 Thread 0x0000011516391bc0 DEOPT UNPACKING pc=0x00000114bbc42b43 sp=0x00000003c30fcb20 mode 0
Event: 5367.760 Thread 0x0000011516391bc0 Uncommon trap: trap_request=0xffffffde fr.pc=0x00000114bcc339d4 relative=0x00000000000002d4
Event: 5367.760 Thread 0x0000011516391bc0 Uncommon trap: reason=class_check action=maybe_recompile pc=0x00000114bcc339d4 method=org.springframework.security.web.access.intercept.RequestMatcherDelegatingAuthorizationManager.check(Ljava/util/function/Supplier;Ljakarta/servlet/http/HttpServletReques
Event: 5367.761 Thread 0x0000011516391bc0 DEOPT PACKING pc=0x00000114bcc339d4 sp=0x00000003c30fd850
Event: 5367.761 Thread 0x0000011516391bc0 DEOPT UNPACKING pc=0x00000114bbc423a3 sp=0x00000003c30fd7f0 mode 2
Event: 5367.851 Thread 0x000001151093ddb0 Uncommon trap: trap_request=0xffffff45 fr.pc=0x00000114bc98bc1c relative=0x000000000000087c
Event: 5367.852 Thread 0x000001151093ddb0 Uncommon trap: reason=unstable_if action=reinterpret pc=0x00000114bc98bc1c method=java.math.BigDecimal.createAndStripZerosToMatchScale(JIJ)Ljava/math/BigDecimal; @ 8 c2
Event: 5367.852 Thread 0x000001151093ddb0 DEOPT PACKING pc=0x00000114bc98bc1c sp=0x00000003c12fd750
Event: 5367.852 Thread 0x000001151093ddb0 DEOPT UNPACKING pc=0x00000114bbc423a3 sp=0x00000003c12fd5e0 mode 2
Event: 5368.262 Thread 0x0000011516394240 Uncommon trap: trap_request=0xffffffbe fr.pc=0x00000114bcd761d4 relative=0x00000000000004b4
Event: 5368.262 Thread 0x0000011516394240 Uncommon trap: reason=profile_predicate action=maybe_recompile pc=0x00000114bcd761d4 method=org.apache.catalina.core.ApplicationFilterFactory.createFilterChain(Ljakarta/servlet/ServletRequest;Lorg/apache/catalina/Wrapper;Ljakarta/servlet/Servlet;)Lorg/apa
Event: 5368.262 Thread 0x0000011516394240 DEOPT PACKING pc=0x00000114bcd761d4 sp=0x00000003c2dfee30
Event: 5368.262 Thread 0x0000011516394240 DEOPT UNPACKING pc=0x00000114bbc423a3 sp=0x00000003c2dfedd8 mode 2
Event: 5368.360 Thread 0x0000011516392f00 Uncommon trap: trap_request=0xffffff45 fr.pc=0x00000114bcc22d8c relative=0x00000000000000ec
Event: 5368.361 Thread 0x0000011516392f00 Uncommon trap: reason=unstable_if action=reinterpret pc=0x00000114bcc22d8c method=java.math.BigDecimal.createAndStripZerosToMatchScale(JIJ)Ljava/math/BigDecimal; @ 8 c2
Event: 5368.361 Thread 0x0000011516392f00 DEOPT PACKING pc=0x00000114bcc22d8c sp=0x00000003c32fdab0
Event: 5368.361 Thread 0x0000011516392f00 DEOPT UNPACKING pc=0x00000114bbc423a3 sp=0x00000003c32fda38 mode 2

Classes unloaded (0 events):
No events

Classes redefined (0 events):
No events

Internal exceptions (20 events):
Event: 5106.474 Thread 0x0000011510938be0 Exception <a 'java/net/SocketException'{0x000000008ffaa378}: Socket is not connected: shutdown> (0x000000008ffaa378) 
thrown [s\open\src\hotspot\share\prims\jni.cpp, line 535]
Event: 5106.474 Thread 0x0000011510939a50 Exception <a 'java/net/SocketException'{0x000000008ff96030}: Socket is not connected: shutdown> (0x000000008ff96030) 
thrown [s\open\src\hotspot\share\prims\jni.cpp, line 535]
Event: 5107.489 Thread 0x0000011510939a50 Exception <a 'java/net/ConnectException'{0x000000008ff96738}: Connection refused: no further information> (0x000000008ff96738) 
thrown [s\open\src\hotspot\share\prims\jni.cpp, line 535]
Event: 5107.489 Thread 0x0000011510939a50 Exception <a 'java/net/SocketException'{0x000000008ff96a70}: Socket is not connected: shutdown> (0x000000008ff96a70) 
thrown [s\open\src\hotspot\share\prims\jni.cpp, line 535]
Event: 5107.504 Thread 0x0000011510938be0 Exception <a 'java/net/ConnectException'{0x000000008ffaaa60}: Connection refused: no further information> (0x000000008ffaaa60) 
thrown [s\open\src\hotspot\share\prims\jni.cpp, line 535]
Event: 5107.504 Thread 0x0000011510938be0 Exception <a 'java/net/SocketException'{0x000000008ffaad98}: Socket is not connected: shutdown> (0x000000008ffaad98) 
thrown [s\open\src\hotspot\share\prims\jni.cpp, line 535]
Event: 5108.506 Thread 0x0000011510938be0 Exception <a 'java/net/ConnectException'{0x000000008ffab4a0}: Connection refused: no further information> (0x000000008ffab4a0) 
thrown [s\open\src\hotspot\share\prims\jni.cpp, line 535]
Event: 5108.506 Thread 0x0000011510939a50 Exception <a 'java/net/ConnectException'{0x000000008ff97158}: Connection refused: no further information> (0x000000008ff97158) 
thrown [s\open\src\hotspot\share\prims\jni.cpp, line 535]
Event: 5108.506 Thread 0x0000011510938be0 Exception <a 'java/net/SocketException'{0x000000008ffab7d8}: Socket is not connected: shutdown> (0x000000008ffab7d8) 
thrown [s\open\src\hotspot\share\prims\jni.cpp, line 535]
Event: 5108.506 Thread 0x0000011510939a50 Exception <a 'java/net/SocketException'{0x000000008ff97490}: Socket is not connected: shutdown> (0x000000008ff97490) 
thrown [s\open\src\hotspot\share\prims\jni.cpp, line 535]
Event: 5109.511 Thread 0x0000011510938be0 Exception <a 'java/net/ConnectException'{0x000000008ffabf20}: Connection refused: no further information> (0x000000008ffabf20) 
thrown [s\open\src\hotspot\share\prims\jni.cpp, line 535]
Event: 5109.511 Thread 0x0000011510939a50 Exception <a 'java/net/ConnectException'{0x000000008ff97b78}: Connection refused: no further information> (0x000000008ff97b78) 
thrown [s\open\src\hotspot\share\prims\jni.cpp, line 535]
Event: 5109.511 Thread 0x0000011510938be0 Exception <a 'java/net/SocketException'{0x000000008ffac258}: Socket is not connected: shutdown> (0x000000008ffac258) 
thrown [s\open\src\hotspot\share\prims\jni.cpp, line 535]
Event: 5109.511 Thread 0x0000011510939a50 Exception <a 'java/net/SocketException'{0x000000008ff97eb0}: Socket is not connected: shutdown> (0x000000008ff97eb0) 
thrown [s\open\src\hotspot\share\prims\jni.cpp, line 535]
Event: 5233.502 Thread 0x0000011516395580 Exception <a 'sun/net/ConnectionResetException'{0x000000009036b918}: Connection reset> (0x000000009036b918) 
thrown [s\open\src\hotspot\share\prims\jni.cpp, line 535]
Event: 5367.439 Thread 0x000001151093ddb0 Exception <a 'sun/net/ConnectionResetException'{0x0000000090d8c088}: Connection reset> (0x0000000090d8c088) 
thrown [s\open\src\hotspot\share\prims\jni.cpp, line 535]
Event: 5367.645 Thread 0x000001151093ddb0 Exception <a 'java/io/IOException'{0x0000000090d91f88}> (0x0000000090d91f88) 
thrown [s\open\src\hotspot\share\prims\jni.cpp, line 516]
Event: 5367.851 Thread 0x000001151093ddb0 Exception <a 'sun/net/ConnectionResetException'{0x0000000090d969b0}: Connection reset> (0x0000000090d969b0) 
thrown [s\open\src\hotspot\share\prims\jni.cpp, line 535]
Event: 5368.262 Thread 0x000001151093ddb0 Exception <a 'sun/net/ConnectionResetException'{0x0000000090183270}: Connection reset> (0x0000000090183270) 
thrown [s\open\src\hotspot\share\prims\jni.cpp, line 535]
Event: 5369.082 Thread 0x000001151093ddb0 Exception <a 'sun/net/ConnectionResetException'{0x0000000090187a58}: Connection reset> (0x0000000090187a58) 
thrown [s\open\src\hotspot\share\prims\jni.cpp, line 535]

VM Operations (20 events):
Event: 5335.400 Executing VM operation: G1CollectForAllocation
Event: 5335.403 Executing VM operation: G1CollectForAllocation done
Event: 5339.670 Executing VM operation: G1CollectForAllocation
Event: 5339.673 Executing VM operation: G1CollectForAllocation done
Event: 5346.294 Executing VM operation: G1CollectForAllocation
Event: 5346.298 Executing VM operation: G1CollectForAllocation done
Event: 5350.982 Executing VM operation: G1CollectForAllocation
Event: 5350.987 Executing VM operation: G1CollectForAllocation done
Event: 5354.023 Executing VM operation: Cleanup
Event: 5354.024 Executing VM operation: Cleanup done
Event: 5355.026 Executing VM operation: Cleanup
Event: 5355.026 Executing VM operation: Cleanup done
Event: 5355.287 Executing VM operation: G1CollectForAllocation
Event: 5355.292 Executing VM operation: G1CollectForAllocation done
Event: 5360.380 Executing VM operation: G1CollectForAllocation
Event: 5360.384 Executing VM operation: G1CollectForAllocation done
Event: 5364.411 Executing VM operation: Cleanup
Event: 5364.411 Executing VM operation: Cleanup done
Event: 5368.434 Executing VM operation: Cleanup
Event: 5368.434 Executing VM operation: Cleanup done

Events (20 events):
Event: 5368.978 loading class jdk/internal/reflect/GeneratedMethodAccessor77
Event: 5368.978 loading class jdk/internal/reflect/GeneratedMethodAccessor77 done
Event: 5368.979 loading class jdk/internal/reflect/GeneratedMethodAccessor77
Event: 5368.979 loading class jdk/internal/reflect/GeneratedMethodAccessor77 done
Event: 5369.022 loading class jdk/internal/reflect/GeneratedMethodAccessor77
Event: 5369.022 loading class jdk/internal/reflect/GeneratedMethodAccessor77 done
Event: 5369.023 loading class jdk/internal/reflect/GeneratedMethodAccessor77
Event: 5369.023 loading class jdk/internal/reflect/GeneratedMethodAccessor77 done
Event: 5369.068 loading class jdk/internal/reflect/GeneratedMethodAccessor77
Event: 5369.068 loading class jdk/internal/reflect/GeneratedMethodAccessor77 done
Event: 5369.069 loading class jdk/internal/reflect/GeneratedMethodAccessor77
Event: 5369.069 loading class jdk/internal/reflect/GeneratedMethodAccessor77 done
Event: 5369.095 loading class jdk/internal/reflect/GeneratedMethodAccessor77
Event: 5369.095 loading class jdk/internal/reflect/GeneratedMethodAccessor77 done
Event: 5369.097 loading class jdk/internal/reflect/GeneratedMethodAccessor77
Event: 5369.097 loading class jdk/internal/reflect/GeneratedMethodAccessor77 done
Event: 5369.120 loading class jdk/internal/reflect/GeneratedMethodAccessor77
Event: 5369.120 loading class jdk/internal/reflect/GeneratedMethodAccessor77 done
Event: 5369.122 loading class jdk/internal/reflect/GeneratedMethodAccessor77
Event: 5369.122 loading class jdk/internal/reflect/GeneratedMethodAccessor77 done


Dynamic libraries:
0x00007ff6b84f0000 - 0x00007ff6b8500000 	C:\Program Files\Java\jdk-17\bin\java.exe
0x00007ff901cd0000 - 0x00007ff901ec8000 	C:\WINDOWS\SYSTEM32\ntdll.dll
0x00007ff900ac0000 - 0x00007ff900b7d000 	C:\WINDOWS\System32\KERNEL32.DLL
0x00007ff8ff4d0000 - 0x00007ff8ff7c6000 	C:\WINDOWS\System32\KERNELBASE.dll
0x00007ff8ff930000 - 0x00007ff8ffa30000 	C:\WINDOWS\System32\ucrtbase.dll
0x00007ff8c9ec0000 - 0x00007ff8c9ed9000 	C:\Program Files\Java\jdk-17\bin\jli.dll
0x00007ff8c9ea0000 - 0x00007ff8c9ebb000 	C:\Program Files\Java\jdk-17\bin\VCRUNTIME140.dll
0x00007ff901680000 - 0x00007ff901730000 	C:\WINDOWS\System32\ADVAPI32.dll
0x00007ff900cb0000 - 0x00007ff900d4e000 	C:\WINDOWS\System32\msvcrt.dll
0x00007ff901790000 - 0x00007ff901830000 	C:\WINDOWS\System32\sechost.dll
0x00007ff900570000 - 0x00007ff900695000 	C:\WINDOWS\System32\RPCRT4.dll
0x00007ff8ff4a0000 - 0x00007ff8ff4c7000 	C:\WINDOWS\System32\bcrypt.dll
0x00007ff901910000 - 0x00007ff901aae000 	C:\WINDOWS\System32\USER32.dll
0x00007ff8ffac0000 - 0x00007ff8ffae2000 	C:\WINDOWS\System32\win32u.dll
0x00007ff8ed360000 - 0x00007ff8ed5fa000 	C:\WINDOWS\WinSxS\amd64_microsoft.windows.common-controls_6595b64144ccf1df_6.0.19041.3636_none_60b6a03d71f818d5\COMCTL32.dll
0x00007ff900500000 - 0x00007ff90052b000 	C:\WINDOWS\System32\GDI32.dll
0x00007ff8ff380000 - 0x00007ff8ff497000 	C:\WINDOWS\System32\gdi32full.dll
0x00007ff8ffb60000 - 0x00007ff8ffbfd000 	C:\WINDOWS\System32\msvcp_win.dll
0x00007ff8f8a50000 - 0x00007ff8f8a5a000 	C:\WINDOWS\SYSTEM32\VERSION.dll
0x00007ff900530000 - 0x00007ff900562000 	C:\WINDOWS\System32\IMM32.DLL
0x00007ff8facb0000 - 0x00007ff8facbc000 	C:\Program Files\Java\jdk-17\bin\vcruntime140_1.dll
0x00007ff87bae0000 - 0x00007ff87bb6e000 	C:\Program Files\Java\jdk-17\bin\msvcp140.dll
0x00007ff8726d0000 - 0x00007ff8732ae000 	C:\Program Files\Java\jdk-17\bin\server\jvm.dll
0x00007ff901890000 - 0x00007ff901898000 	C:\WINDOWS\System32\PSAPI.DLL
0x00007ff8d84e0000 - 0x00007ff8d84e9000 	C:\WINDOWS\SYSTEM32\WSOCK32.dll
0x00007ff8ea650000 - 0x00007ff8ea677000 	C:\WINDOWS\SYSTEM32\WINMM.dll
0x00007ff9018a0000 - 0x00007ff90190b000 	C:\WINDOWS\System32\WS2_32.dll
0x00007ff8fdbc0000 - 0x00007ff8fdbd2000 	C:\WINDOWS\SYSTEM32\kernel.appcore.dll
0x00007ff8cd6c0000 - 0x00007ff8cd6ca000 	C:\Program Files\Java\jdk-17\bin\jimage.dll
0x00007ff8fd7c0000 - 0x00007ff8fd9a4000 	C:\WINDOWS\SYSTEM32\DBGHELP.DLL
0x00007ff8f2b70000 - 0x00007ff8f2ba4000 	C:\WINDOWS\SYSTEM32\dbgcore.DLL
0x00007ff8ffa30000 - 0x00007ff8ffab2000 	C:\WINDOWS\System32\bcryptPrimitives.dll
0x00007ff8f95b0000 - 0x00007ff8f95be000 	C:\Program Files\Java\jdk-17\bin\instrument.dll
0x00007ff8c9a70000 - 0x00007ff8c9a95000 	C:\Program Files\Java\jdk-17\bin\java.dll
0x00007ff8725f0000 - 0x00007ff8726c7000 	C:\Program Files\Java\jdk-17\bin\jsvml.dll
0x00007ff900eb0000 - 0x00007ff90161b000 	C:\WINDOWS\System32\SHELL32.dll
0x00007ff8fcf60000 - 0x00007ff8fd6fe000 	C:\WINDOWS\SYSTEM32\windows.storage.dll
0x00007ff900170000 - 0x00007ff9004c3000 	C:\WINDOWS\System32\combase.dll
0x00007ff8fed30000 - 0x00007ff8fed5e000 	C:\WINDOWS\SYSTEM32\Wldp.dll
0x00007ff900de0000 - 0x00007ff900ead000 	C:\WINDOWS\System32\OLEAUT32.dll
0x00007ff901ab0000 - 0x00007ff901b5d000 	C:\WINDOWS\System32\SHCORE.dll
0x00007ff901620000 - 0x00007ff901675000 	C:\WINDOWS\System32\shlwapi.dll
0x00007ff8ff2b0000 - 0x00007ff8ff2d5000 	C:\WINDOWS\SYSTEM32\profapi.dll
0x00007ff8c19c0000 - 0x00007ff8c19d8000 	C:\Program Files\Java\jdk-17\bin\zip.dll
0x00007ff8c9a50000 - 0x00007ff8c9a69000 	C:\Program Files\Java\jdk-17\bin\net.dll
0x00007ff8f9e60000 - 0x00007ff8f9f6a000 	C:\WINDOWS\SYSTEM32\WINHTTP.dll
0x00007ff8feaa0000 - 0x00007ff8feb0a000 	C:\WINDOWS\system32\mswsock.dll
0x00007ff8c19e0000 - 0x00007ff8c19f6000 	C:\Program Files\Java\jdk-17\bin\nio.dll
0x00007ff8f9560000 - 0x00007ff8f957a000 	C:\Program Files\JetBrains\IntelliJ IDEA Community Edition 2023.1.4\bin\breakgen64.dll
0x00007ff8c9390000 - 0x00007ff8c93a0000 	C:\Program Files\Java\jdk-17\bin\verify.dll
0x00007ff8fec90000 - 0x00007ff8feca8000 	C:\WINDOWS\SYSTEM32\CRYPTSP.dll
0x00007ff8fe370000 - 0x00007ff8fe3a4000 	C:\WINDOWS\system32\rsaenh.dll
0x00007ff8ff270000 - 0x00007ff8ff29e000 	C:\WINDOWS\SYSTEM32\USERENV.dll
0x00007ff8fedd0000 - 0x00007ff8feddc000 	C:\WINDOWS\SYSTEM32\CRYPTBASE.dll
0x00007ff8fe790000 - 0x00007ff8fe7cb000 	C:\WINDOWS\SYSTEM32\IPHLPAPI.DLL
0x00007ff9004d0000 - 0x00007ff9004d8000 	C:\WINDOWS\System32\NSI.dll
0x00007ff8f92c0000 - 0x00007ff8f92d7000 	C:\WINDOWS\SYSTEM32\dhcpcsvc6.DLL
0x00007ff8f9420000 - 0x00007ff8f943d000 	C:\WINDOWS\SYSTEM32\dhcpcsvc.DLL
0x00007ff8fe7d0000 - 0x00007ff8fe89b000 	C:\WINDOWS\SYSTEM32\DNSAPI.dll
0x00007ff8f9580000 - 0x00007ff8f958e000 	C:\Program Files\Java\jdk-17\bin\sunmscapi.dll
0x00007ff8ff7d0000 - 0x00007ff8ff92d000 	C:\WINDOWS\System32\CRYPT32.dll
0x00007ff8feda0000 - 0x00007ff8fedc8000 	C:\WINDOWS\SYSTEM32\ncrypt.dll
0x00007ff8fed60000 - 0x00007ff8fed9b000 	C:\WINDOWS\SYSTEM32\NTASN1.dll
0x00007ff8f95a0000 - 0x00007ff8f95aa000 	C:\Program Files\Java\jdk-17\bin\management.dll
0x00007ff8f9590000 - 0x00007ff8f959b000 	C:\Program Files\Java\jdk-17\bin\management_ext.dll
0x00007ff8d4350000 - 0x00007ff8d4367000 	C:\WINDOWS\system32\napinsp.dll
0x00007ff8d4310000 - 0x00007ff8d432b000 	C:\WINDOWS\system32\pnrpnsp.dll
0x00007ff8fa120000 - 0x00007ff8fa135000 	C:\WINDOWS\system32\wshbth.dll
0x00007ff8f9e20000 - 0x00007ff8f9e3d000 	C:\WINDOWS\system32\NLAapi.dll
0x00007ff8d3bb0000 - 0x00007ff8d3bc2000 	C:\WINDOWS\System32\winrnr.dll
0x00007ff8f9750000 - 0x00007ff8f975a000 	C:\Windows\System32\rasadhlp.dll
0x00007ff8f8eb0000 - 0x00007ff8f8f30000 	C:\WINDOWS\System32\fwpuclnt.dll
0x00007ff8f7bc0000 - 0x00007ff8f7bc7000 	C:\WINDOWS\system32\wshunix.dll

dbghelp: loaded successfully - version: 4.0.5 - missing functions: none
symbol engine: initialized successfully - sym options: 0x614 - pdb path: .;C:\Program Files\Java\jdk-17\bin;C:\WINDOWS\SYSTEM32;C:\WINDOWS\WinSxS\amd64_microsoft.windows.common-controls_6595b64144ccf1df_6.0.19041.3636_none_60b6a03d71f818d5;C:\Program Files\Java\jdk-17\bin\server;C:\Program Files\JetBrains\IntelliJ IDEA Community Edition 2023.1.4\bin

VM Arguments:
jvm_args: -javaagent:C:\Program Files\JetBrains\IntelliJ IDEA Community Edition 2023.1.4\lib\idea_rt.jar=51138:C:\Program Files\JetBrains\IntelliJ IDEA Community Edition 2023.1.4\bin -Dfile.encoding=UTF-8 
java_command: com.example.Api_version.ApiVersionApplication
java_class_path (initial): D:\projet_CAGECFI\Api_licence\target\classes;C:\Users\ilétou\.m2\repository\org\springframework\boot\spring-boot-starter-data-jpa\3.0.7\spring-boot-starter-data-jpa-3.0.7.jar;C:\Users\ilétou\.m2\repository\org\springframework\boot\spring-boot-starter-aop\3.0.7\spring-boot-starter-aop-3.0.7.jar;C:\Users\ilétou\.m2\repository\org\aspectj\aspectjweaver\1.9.19\aspectjweaver-1.9.19.jar;C:\Users\ilétou\.m2\repository\org\springframework\boot\spring-boot-starter-jdbc\3.0.7\spring-boot-starter-jdbc-3.0.7.jar;C:\Users\ilétou\.m2\repository\com\zaxxer\HikariCP\5.0.1\HikariCP-5.0.1.jar;C:\Users\ilétou\.m2\repository\org\springframework\spring-jdbc\6.0.9\spring-jdbc-6.0.9.jar;C:\Users\ilétou\.m2\repository\org\hibernate\orm\hibernate-core\6.1.7.Final\hibernate-core-6.1.7.Final.jar;C:\Users\ilétou\.m2\repository\jakarta\persistence\jakarta.persistence-api\3.1.0\jakarta.persistence-api-3.1.0.jar;C:\Users\ilétou\.m2\repository\jakarta\transaction\jakarta.transaction-api\2.0.1\jakarta.transaction-api-2.0.1.jar;C:\Users\ilétou\.m2\repository\org\jboss\logging\jboss-logging\3.5.0.Final\jboss-logging-3.5.0.Final.jar;C:\Users\ilétou\.m2\repository\org\hibernate\common\hibernate-commons-annotations\6.0.6.Final\hibernate-commons-annotations-6.0.6.Final.jar;C:\Users\ilétou\.m2\repository\org\jboss\jandex\2.4.2.Final\jandex-2.4.2.Final.jar;C:\Users\ilétou\.m2\repository\com\fasterxml\classmate\1.5.1\classmate-1.5.1.jar;C:\Users\ilétou\.m2\repository\net\bytebuddy\byte-buddy\1.12.23\byte-buddy-1.12.23.jar;C:\Users\ilétou\.m2\repository\org\glassfish\jaxb\jaxb-runtime\4.0.2\jaxb-runtime-4.0.2.jar;C:\Users\ilétou\.m2\repository\org\glassfish\jaxb\jaxb-core\4.0.2\jaxb-core-4.0.2.jar;C:\Users\ilétou\.m2\repository\org\glassfish\jaxb\txw2\4.0.2\txw2-4.0.2.jar;C:\Users\ilétou\.m2\repository\com\sun\istack\istack-commons-runtime\4.1.1\istack-commons-runtime-4.1.1.jar;C:\Users\ilétou\.m2\repository\jakarta\inject\jakarta.inject-api\2.0.0\jakarta.inject-api-2.0.0.jar;C:\
Launcher Type: SUN_STANDARD

[Global flags]
     intx CICompilerCount                          = 4                                         {product} {ergonomic}
     uint ConcGCThreads                            = 3                                         {product} {ergonomic}
     uint G1ConcRefinementThreads                  = 10                                        {product} {ergonomic}
   size_t G1HeapRegionSize                         = 1048576                                   {product} {ergonomic}
    uintx GCDrainStackTargetSize                   = 64                                        {product} {ergonomic}
   size_t InitialHeapSize                          = 123731968                                 {product} {ergonomic}
   size_t MarkStackSize                            = 4194304                                   {product} {ergonomic}
   size_t MaxHeapSize                              = 1969225728                                {product} {ergonomic}
   size_t MaxNewSize                               = 1180696576                                {product} {ergonomic}
   size_t MinHeapDeltaBytes                        = 1048576                                   {product} {ergonomic}
   size_t MinHeapSize                              = 8388608                                   {product} {ergonomic}
    uintx NonNMethodCodeHeapSize                   = 5839372                                {pd product} {ergonomic}
    uintx NonProfiledCodeHeapSize                  = 122909434                              {pd product} {ergonomic}
    uintx ProfiledCodeHeapSize                     = 122909434                              {pd product} {ergonomic}
    uintx ReservedCodeCacheSize                    = 251658240                              {pd product} {ergonomic}
     bool SegmentedCodeCache                       = true                                      {product} {ergonomic}
   size_t SoftMaxHeapSize                          = 1969225728                             {manageable} {ergonomic}
     bool UseCompressedClassPointers               = true                           {product lp64_product} {ergonomic}
     bool UseCompressedOops                        = true                           {product lp64_product} {ergonomic}
     bool UseG1GC                                  = true                                      {product} {ergonomic}
     bool UseLargePagesIndividualAllocation        = false                                  {pd product} {ergonomic}

Logging:
Log output configuration:
 #0: stdout all=warning uptime,level,tags
 #1: stderr all=off uptime,level,tags

Environment Variables:
PATH=C:\Program Files\Common Files\Oracle\Java\javapath;C:\WINDOWS\system32;C:\WINDOWS;C:\WINDOWS\System32\Wbem;C:\WINDOWS\System32\WindowsPowerShell\v1.0\;C:\WINDOWS\System32\OpenSSH\;C:\Program Files\Java\jdk-17\bin;C:\Program Files\nodejs\;C:\Program Files (x86)\Microsoft SQL Server\160\DTS\Binn\;C:\Program Files\Azure Data Studio\bin;C:\Program Files (x86)\Microsoft SQL Server\150\DTS\Binn\;C:\Program Files\Microsoft SQL Server\150\DTS\Binn\;C:\Program Files\Microsoft SQL Server\Client SDK\ODBC\170\Tools\Binn\;C:\Program Files (x86)\Microsoft SQL Server\150\Tools\Binn\;C:\Program Files\Microsoft SQL Server\150\Tools\Binn\;C:\Program Files\Git\cmd;C:\Program Files\dotnet\;C:\Users\ilétou\AppData\Local\Programs\Python\Launcher\;C:\Users\ilétou\AppData\Local\Microsoft\WindowsApps;;C:\Program Files\JetBrains\IntelliJ IDEA 2023.3.2\bin;;C:\Users\ilétou\AppData\Roaming\npm;C:\Users\ilétou\AppData\Local\Programs\Microsoft VS Code\bin;C:\Program Files\Azure Data Studio\bin;C:\Users\ilétou\.dotnet\tools;C:\Program Files\JetBrains\IntelliJ IDEA Community Edition 2023.1.4\bin;
USERNAME=ilétou
OS=Windows_NT
PROCESSOR_IDENTIFIER=AMD64 Family 23 Model 96 Stepping 1, AuthenticAMD



---------------  S Y S T E M  ---------------

OS:
 Windows 10 , 64 bit Build 19041 (10.0.19041.3636)
OS uptime: 0 days 1:58 hours

CPU: total 12 (initial active 12) (12 cores per cpu, 2 threads per core) family 23 model 96 stepping 1 microcode 0x0, cx8, cmov, fxsr, ht, mmx, 3dnowpref, sse, sse2, sse3, ssse3, sse4a, sse4.1, sse4.2, popcnt, lzcnt, tsc, tscinvbit, avx, avx2, aes, clmul, bmi1, bmi2, adx, sha, fma, vzeroupper, clflush, clflushopt

Memory: 4k page, system-wide physical 7505M (354M free)
TotalPageFile size 30033M (AvailPageFile size 0M)
current process WorkingSet (physical memory assigned to process): 163M, peak: 364M
current process commit charge ("private bytes"): 423M, peak: 432M

vm_info: Java HotSpot(TM) 64-Bit Server VM (17.0.8+9-LTS-211) for windows-amd64 JRE (17.0.8+9-LTS-211), built on Jun 14 2023 10:34:31 by "mach5one" with MS VC++ 17.1 (VS2022)

END.
