#
# There is insufficient memory for the Java Runtime Environment to continue.
# Native memory allocation (malloc) failed to allocate 1546528 bytes for Chunk::new
# Possible reasons:
#   The system is out of physical RAM or swap space
#   The process is running with CompressedOops enabled, and the Java Heap may be blocking the growth of the native heap
# Possible solutions:
#   Reduce memory load on the system
#   Increase physical memory or swap space
#   Check if swap backing store is full
#   Decrease Java heap size (-Xmx/-Xms)
#   Decrease number of Java threads
#   Decrease Java thread stack sizes (-Xss)
#   Set larger code cache with -XX:ReservedCodeCacheSize=
#   JVM is running with Unscaled Compressed Oops mode in which the Java heap is
#     placed in the first 4GB address space. The Java Heap base address is the
#     maximum limit for the native heap growth. Please use -XX:HeapBaseMinAddress
#     to set the Java Heap base and to place the Java Heap above 4GB virtual address.
# This output file may be truncated or incomplete.
#
#  Out of Memory Error (arena.cpp:189), pid=1624, tid=8580
#
# JRE version: Java(TM) SE Runtime Environment (17.0.8+9) (build 17.0.8+9-LTS-211)
# Java VM: Java HotSpot(TM) 64-Bit Server VM (17.0.8+9-LTS-211, mixed mode, sharing, tiered, compressed oops, compressed class ptrs, g1 gc, windows-amd64)
# No core dump will be written. Minidumps are not enabled by default on client versions of Windows
#

---------------  S U M M A R Y ------------

Command Line: -javaagent:C:\Program Files\JetBrains\IntelliJ IDEA Community Edition 2023.1.4\lib\idea_rt.jar=50213:C:\Program Files\JetBrains\IntelliJ IDEA Community Edition 2023.1.4\bin -Dfile.encoding=UTF-8 com.example.Api_version.ApiVersionApplication

Host: AMD Ryzen 5 PRO 4650U with Radeon Graphics, 12 cores, 7G,  Windows 10 , 64 bit Build 19041 (10.0.19041.3636)
Time: Wed Mar 20 11:52:14 2024 Temps universel coordonné elapsed time: 264.997137 seconds (0d 0h 4m 24s)

---------------  T H R E A D  ---------------

Current thread (0x000001e64d49f100):  JavaThread "C2 CompilerThread0" daemon [_thread_in_native, id=8580, stack(0x000000381df00000,0x000000381e000000)]


Current CompileTask:
C2: 264997 16780       4       ch.qos.logback.classic.spi.PackagingDataCalculator::computeBySTEP (81 bytes)

Stack: [0x000000381df00000,0x000000381e000000]
Native frames: (J=compiled Java code, j=interpreted, Vv=VM code, C=native code)
V  [jvm.dll+0x677d0a]
V  [jvm.dll+0x7d8c54]
V  [jvm.dll+0x7da3fe]
V  [jvm.dll+0x7daa63]
V  [jvm.dll+0x245c5f]
V  [jvm.dll+0xaaa6b]
V  [jvm.dll+0xab00c]
V  [jvm.dll+0x361e8e]
V  [jvm.dll+0x1bba6a]
V  [jvm.dll+0x218157]
V  [jvm.dll+0x217431]
V  [jvm.dll+0x1a3af0]
V  [jvm.dll+0x2270be]
V  [jvm.dll+0x22535b]
V  [jvm.dll+0x78e7bc]
V  [jvm.dll+0x788bba]
V  [jvm.dll+0x676b35]
C  [ucrtbase.dll+0x21bb2]
C  [KERNEL32.DLL+0x17344]
C  [ntdll.dll+0x526b1]


---------------  P R O C E S S  ---------------

Threads class SMR info:
_java_thread_list=0x000001e694991490, length=32, elements={
0x000001e64d485080, 0x000001e64d487e00, 0x000001e64d49c660, 0x000001e64d49d010,
0x000001e64d49d9c0, 0x000001e64d49e370, 0x000001e64d49f100, 0x000001e64d4a1bb0,
0x000001e64d4adeb0, 0x000001e64d6f9820, 0x000001e64d9e7c60, 0x000001e64d9e8db0,
0x000001e6955fe870, 0x000001e695339840, 0x000001e693bf85d0, 0x000001e693bf8aa0,
0x000001e693bf9910, 0x000001e694866b90, 0x000001e694869bb0, 0x000001e6948661f0,
0x000001e69486bd60, 0x000001e6948683a0, 0x000001e6948666c0, 0x000001e694868870,
0x000001e694865850, 0x000001e694865d20, 0x000001e694868d40, 0x000001e694867060,
0x000001e69486aef0, 0x000001e694869210, 0x000001e6948696e0, 0x000001e693b87890
}

Java Threads: ( => current thread )
  0x000001e64d485080 JavaThread "Reference Handler" daemon [_thread_blocked, id=20096, stack(0x000000381d900000,0x000000381da00000)]
  0x000001e64d487e00 JavaThread "Finalizer" daemon [_thread_blocked, id=17980, stack(0x000000381da00000,0x000000381db00000)]
  0x000001e64d49c660 JavaThread "Signal Dispatcher" daemon [_thread_blocked, id=13804, stack(0x000000381db00000,0x000000381dc00000)]
  0x000001e64d49d010 JavaThread "Attach Listener" daemon [_thread_blocked, id=19416, stack(0x000000381dc00000,0x000000381dd00000)]
  0x000001e64d49d9c0 JavaThread "Service Thread" daemon [_thread_blocked, id=11888, stack(0x000000381dd00000,0x000000381de00000)]
  0x000001e64d49e370 JavaThread "Monitor Deflation Thread" daemon [_thread_blocked, id=8036, stack(0x000000381de00000,0x000000381df00000)]
=>0x000001e64d49f100 JavaThread "C2 CompilerThread0" daemon [_thread_in_native, id=8580, stack(0x000000381df00000,0x000000381e000000)]
  0x000001e64d4a1bb0 JavaThread "C1 CompilerThread0" daemon [_thread_blocked, id=19328, stack(0x000000381e000000,0x000000381e100000)]
  0x000001e64d4adeb0 JavaThread "Sweeper thread" daemon [_thread_blocked, id=11896, stack(0x000000381e100000,0x000000381e200000)]
  0x000001e64d6f9820 JavaThread "Common-Cleaner" daemon [_thread_blocked, id=20436, stack(0x000000381e200000,0x000000381e300000)]
  0x000001e64d9e7c60 JavaThread "Monitor Ctrl-Break" daemon [_thread_in_native, id=15828, stack(0x000000381e300000,0x000000381e400000)]
  0x000001e64d9e8db0 JavaThread "Notification Thread" daemon [_thread_blocked, id=15756, stack(0x000000381e400000,0x000000381e500000)]
  0x000001e6955fe870 JavaThread "mssql-jdbc-shared-timer-core-0" daemon [_thread_blocked, id=1348, stack(0x000000381f200000,0x000000381f300000)]
  0x000001e695339840 JavaThread "HikariPool-1 housekeeper" daemon [_thread_blocked, id=3424, stack(0x000000381f300000,0x000000381f400000)]
  0x000001e693bf85d0 JavaThread "Catalina-utility-1" [_thread_blocked, id=17788, stack(0x000000381f400000,0x000000381f500000)]
  0x000001e693bf8aa0 JavaThread "Catalina-utility-2" [_thread_blocked, id=19656, stack(0x000000381f500000,0x000000381f600000)]
  0x000001e693bf9910 JavaThread "container-0" [_thread_blocked, id=2676, stack(0x000000381f600000,0x000000381f700000)]
  0x000001e694866b90 JavaThread "http-nio-8080-exec-1" daemon [_thread_blocked, id=16328, stack(0x000000381f900000,0x000000381fa00000)]
  0x000001e694869bb0 JavaThread "http-nio-8080-exec-2" daemon [_thread_blocked, id=13248, stack(0x000000381fa00000,0x000000381fb00000)]
  0x000001e6948661f0 JavaThread "http-nio-8080-exec-3" daemon [_thread_blocked, id=14664, stack(0x000000381fb00000,0x000000381fc00000)]
  0x000001e69486bd60 JavaThread "http-nio-8080-exec-4" daemon [_thread_blocked, id=20460, stack(0x000000381fc00000,0x000000381fd00000)]
  0x000001e6948683a0 JavaThread "http-nio-8080-exec-5" daemon [_thread_blocked, id=20160, stack(0x000000381fd00000,0x000000381fe00000)]
  0x000001e6948666c0 JavaThread "http-nio-8080-exec-6" daemon [_thread_blocked, id=2644, stack(0x000000381fe00000,0x000000381ff00000)]
  0x000001e694868870 JavaThread "http-nio-8080-exec-7" daemon [_thread_blocked, id=20300, stack(0x000000381ff00000,0x0000003820000000)]
  0x000001e694865850 JavaThread "http-nio-8080-exec-8" daemon [_thread_blocked, id=12776, stack(0x0000003820000000,0x0000003820100000)]
  0x000001e694865d20 JavaThread "http-nio-8080-exec-9" daemon [_thread_blocked, id=19596, stack(0x0000003820100000,0x0000003820200000)]
  0x000001e694868d40 JavaThread "http-nio-8080-exec-10" daemon [_thread_blocked, id=16508, stack(0x0000003820200000,0x0000003820300000)]
  0x000001e694867060 JavaThread "http-nio-8080-Poller" daemon [_thread_in_native, id=17488, stack(0x0000003820300000,0x0000003820400000)]
  0x000001e69486aef0 JavaThread "http-nio-8080-Acceptor" daemon [_thread_in_native, id=14760, stack(0x0000003820400000,0x0000003820500000)]
  0x000001e694869210 JavaThread "scheduling-1" [_thread_blocked, id=18732, stack(0x0000003820500000,0x0000003820600000)]
  0x000001e6948696e0 JavaThread "DestroyJavaVM" [_thread_blocked, id=17884, stack(0x000000381d200000,0x000000381d300000)]
  0x000001e693b87890 JavaThread "C2 CompilerThread1" daemon [_thread_in_native, id=4704, stack(0x000000381cf00000,0x000000381d000000)]

Other Threads:
  0x000001e64d47e070 VMThread "VM Thread" [stack: 0x000000381d800000,0x000000381d900000] [id=252]
  0x000001e62f53e2e0 WatcherThread [stack: 0x000000381e500000,0x000000381e600000] [id=3040]
  0x000001e62f511560 GCTaskThread "GC Thread#0" [stack: 0x000000381d300000,0x000000381d400000] [id=15984]
  0x000001e69394eac0 GCTaskThread "GC Thread#1" [stack: 0x000000381e600000,0x000000381e700000] [id=12940]
  0x000001e693a7d340 GCTaskThread "GC Thread#2" [stack: 0x000000381e700000,0x000000381e800000] [id=6716]
  0x000001e693a7d5f0 GCTaskThread "GC Thread#3" [stack: 0x000000381e800000,0x000000381e900000] [id=7992]
  0x000001e693966810 GCTaskThread "GC Thread#4" [stack: 0x000000381e900000,0x000000381ea00000] [id=18260]
  0x000001e693c98ec0 GCTaskThread "GC Thread#5" [stack: 0x000000381eb00000,0x000000381ec00000] [id=12948]
  0x000001e693c9a190 GCTaskThread "GC Thread#6" [stack: 0x000000381ec00000,0x000000381ed00000] [id=20360]
  0x000001e693c9a440 GCTaskThread "GC Thread#7" [stack: 0x000000381ed00000,0x000000381ee00000] [id=5804]
  0x000001e693c9a6f0 GCTaskThread "GC Thread#8" [stack: 0x000000381ee00000,0x000000381ef00000] [id=19040]
  0x000001e693c99420 GCTaskThread "GC Thread#9" [stack: 0x000000381ef00000,0x000000381f000000] [id=18496]
  0x000001e62f520f60 ConcurrentGCThread "G1 Main Marker" [stack: 0x000000381d400000,0x000000381d500000] [id=3064]
  0x000001e62f522d80 ConcurrentGCThread "G1 Conc#0" [stack: 0x000000381d500000,0x000000381d600000] [id=19104]
  0x000001e693c99c30 ConcurrentGCThread "G1 Conc#1" [stack: 0x000000381ea00000,0x000000381eb00000] [id=20196]
  0x000001e693c99ee0 ConcurrentGCThread "G1 Conc#2" [stack: 0x000000381f000000,0x000000381f100000] [id=19292]
  0x000001e64d33c100 ConcurrentGCThread "G1 Refine#0" [stack: 0x000000381d600000,0x000000381d700000] [id=17500]
  0x000001e64d33ca30 ConcurrentGCThread "G1 Service" [stack: 0x000000381d700000,0x000000381d800000] [id=10964]

Threads with active compile tasks:
C2 CompilerThread0   265184 16780       4       ch.qos.logback.classic.spi.PackagingDataCalculator::computeBySTEP (81 bytes)
C2 CompilerThread1   265184 16879       4       ch.qos.logback.classic.pattern.ExtendedThrowableProxyConverter::extraData (6 bytes)

VM state: not at safepoint (normal execution)

VM Mutex/Monitor currently owned by a thread: None

Heap address: 0x000000008aa00000, size: 1878 MB, Compressed Oops mode: 32-bit

CDS archive(s) mapped at: [0x000001e64e000000-0x000001e64ebd0000-0x000001e64ebd0000), size 12386304, SharedBaseAddress: 0x000001e64e000000, ArchiveRelocationMode: 1.
Compressed class space mapped at: 0x000001e64f000000-0x000001e68f000000, reserved size: 1073741824
Narrow klass base: 0x000001e64e000000, Narrow klass shift: 0, Narrow klass range: 0x100000000

GC Precious Log:
 CPUs: 12 total, 12 available
 Memory: 7505M
 Large Page Support: Disabled
 NUMA Support: Disabled
 Compressed Oops: Enabled (32-bit)
 Heap Region Size: 1M
 Heap Min Capacity: 8M
 Heap Initial Capacity: 118M
 Heap Max Capacity: 1878M
 Pre-touch: Disabled
 Parallel Workers: 10
 Concurrent Workers: 3
 Concurrent Refinement Workers: 10
 Periodic GC: Disabled

Heap:
 garbage-first heap   total 100352K, used 70692K [0x000000008aa00000, 0x0000000100000000)
  region size 1024K, 28 young (28672K), 1 survivors (1024K)
 Metaspace       used 82476K, committed 83072K, reserved 1179648K
  class space    used 10368K, committed 10688K, reserved 1048576K

Heap Regions: E=young(eden), S=young(survivor), O=old, HS=humongous(starts), HC=humongous(continues), CS=collection set, F=free, OA=open archive, CA=closed archive, TAMS=top-at-mark-start (previous, next)
|   0|0x000000008aa00000, 0x000000008ab00000, 0x000000008ab00000|100%|HS|  |TAMS 0x000000008ab00000, 0x000000008aa00000| Complete 
|   1|0x000000008ab00000, 0x000000008ac00000, 0x000000008ac00000|100%| O|  |TAMS 0x000000008ac00000, 0x000000008ab00000| Untracked 
|   2|0x000000008ac00000, 0x000000008ad00000, 0x000000008ad00000|100%| O|  |TAMS 0x000000008ad00000, 0x000000008ac00000| Untracked 
|   3|0x000000008ad00000, 0x000000008ae00000, 0x000000008ae00000|100%| O|  |TAMS 0x000000008ae00000, 0x000000008ad00000| Untracked 
|   4|0x000000008ae00000, 0x000000008af00000, 0x000000008af00000|100%| O|  |TAMS 0x000000008af00000, 0x000000008ae00000| Untracked 
|   5|0x000000008af00000, 0x000000008b000000, 0x000000008b000000|100%| O|  |TAMS 0x000000008b000000, 0x000000008af00000| Untracked 
|   6|0x000000008b000000, 0x000000008b100000, 0x000000008b100000|100%| O|  |TAMS 0x000000008b100000, 0x000000008b000000| Untracked 
|   7|0x000000008b100000, 0x000000008b200000, 0x000000008b200000|100%| O|  |TAMS 0x000000008b200000, 0x000000008b100000| Untracked 
|   8|0x000000008b200000, 0x000000008b300000, 0x000000008b300000|100%| O|  |TAMS 0x000000008b300000, 0x000000008b200000| Untracked 
|   9|0x000000008b300000, 0x000000008b400000, 0x000000008b400000|100%| O|  |TAMS 0x000000008b400000, 0x000000008b300000| Untracked 
|  10|0x000000008b400000, 0x000000008b500000, 0x000000008b500000|100%| O|  |TAMS 0x000000008b500000, 0x000000008b400000| Untracked 
|  11|0x000000008b500000, 0x000000008b600000, 0x000000008b600000|100%| O|  |TAMS 0x000000008b600000, 0x000000008b500000| Untracked 
|  12|0x000000008b600000, 0x000000008b700000, 0x000000008b700000|100%| O|  |TAMS 0x000000008b700000, 0x000000008b600000| Untracked 
|  13|0x000000008b700000, 0x000000008b800000, 0x000000008b800000|100%| O|  |TAMS 0x000000008b800000, 0x000000008b700000| Untracked 
|  14|0x000000008b800000, 0x000000008b8cc800, 0x000000008b900000| 79%| O|  |TAMS 0x000000008b8cc800, 0x000000008b800000| Untracked 
|  15|0x000000008b900000, 0x000000008ba00000, 0x000000008ba00000|100%| O|  |TAMS 0x000000008ba00000, 0x000000008b900000| Untracked 
|  16|0x000000008ba00000, 0x000000008bb00000, 0x000000008bb00000|100%| O|  |TAMS 0x000000008bb00000, 0x000000008ba00000| Untracked 
|  17|0x000000008bb00000, 0x000000008bc00000, 0x000000008bc00000|100%| O|  |TAMS 0x000000008bc00000, 0x000000008bb00000| Untracked 
|  18|0x000000008bc00000, 0x000000008bd00000, 0x000000008bd00000|100%| O|  |TAMS 0x000000008bd00000, 0x000000008bc00000| Untracked 
|  19|0x000000008bd00000, 0x000000008be00000, 0x000000008be00000|100%| O|  |TAMS 0x000000008be00000, 0x000000008bd00000| Untracked 
|  20|0x000000008be00000, 0x000000008bf00000, 0x000000008bf00000|100%| O|  |TAMS 0x000000008bf00000, 0x000000008be00000| Untracked 
|  21|0x000000008bf00000, 0x000000008c000000, 0x000000008c000000|100%| O|  |TAMS 0x000000008c000000, 0x000000008bf00000| Untracked 
|  22|0x000000008c000000, 0x000000008c100000, 0x000000008c100000|100%| O|  |TAMS 0x000000008c100000, 0x000000008c000000| Untracked 
|  23|0x000000008c100000, 0x000000008c200000, 0x000000008c200000|100%| O|  |TAMS 0x000000008c200000, 0x000000008c100000| Untracked 
|  24|0x000000008c200000, 0x000000008c300000, 0x000000008c300000|100%| O|  |TAMS 0x000000008c300000, 0x000000008c200000| Untracked 
|  25|0x000000008c300000, 0x000000008c400000, 0x000000008c400000|100%| O|  |TAMS 0x000000008c400000, 0x000000008c300000| Untracked 
|  26|0x000000008c400000, 0x000000008c500000, 0x000000008c500000|100%| O|  |TAMS 0x000000008c500000, 0x000000008c400000| Untracked 
|  27|0x000000008c500000, 0x000000008c600000, 0x000000008c600000|100%| O|  |TAMS 0x000000008c600000, 0x000000008c500000| Untracked 
|  28|0x000000008c600000, 0x000000008c700000, 0x000000008c700000|100%| O|  |TAMS 0x000000008c700000, 0x000000008c600000| Untracked 
|  29|0x000000008c700000, 0x000000008c800000, 0x000000008c800000|100%| O|  |TAMS 0x000000008c800000, 0x000000008c700000| Untracked 
|  30|0x000000008c800000, 0x000000008c900000, 0x000000008c900000|100%| O|  |TAMS 0x000000008c900000, 0x000000008c800000| Untracked 
|  31|0x000000008c900000, 0x000000008ca00000, 0x000000008ca00000|100%| O|  |TAMS 0x000000008ca00000, 0x000000008c900000| Untracked 
|  32|0x000000008ca00000, 0x000000008cb00000, 0x000000008cb00000|100%| O|  |TAMS 0x000000008cb00000, 0x000000008ca00000| Untracked 
|  33|0x000000008cb00000, 0x000000008cb00000, 0x000000008cc00000|  0%| F|  |TAMS 0x000000008cb00000, 0x000000008cb00000| Untracked 
|  34|0x000000008cc00000, 0x000000008cd00000, 0x000000008cd00000|100%| O|  |TAMS 0x000000008cd00000, 0x000000008cc00000| Untracked 
|  35|0x000000008cd00000, 0x000000008ce00000, 0x000000008ce00000|100%| O|  |TAMS 0x000000008ce00000, 0x000000008cd00000| Untracked 
|  36|0x000000008ce00000, 0x000000008cf00000, 0x000000008cf00000|100%| O|  |TAMS 0x000000008cf00000, 0x000000008ce00000| Untracked 
|  37|0x000000008cf00000, 0x000000008cf00000, 0x000000008d000000|  0%| F|  |TAMS 0x000000008cf00000, 0x000000008cf00000| Untracked 
|  38|0x000000008d000000, 0x000000008d100000, 0x000000008d100000|100%| O|  |TAMS 0x000000008d100000, 0x000000008d000000| Untracked 
|  39|0x000000008d100000, 0x000000008d100000, 0x000000008d200000|  0%| F|  |TAMS 0x000000008d100000, 0x000000008d100000| Untracked 
|  40|0x000000008d200000, 0x000000008d200000, 0x000000008d300000|  0%| F|  |TAMS 0x000000008d200000, 0x000000008d200000| Untracked 
|  41|0x000000008d300000, 0x000000008d300000, 0x000000008d400000|  0%| F|  |TAMS 0x000000008d300000, 0x000000008d300000| Untracked 
|  42|0x000000008d400000, 0x000000008d400000, 0x000000008d500000|  0%| F|  |TAMS 0x000000008d400000, 0x000000008d400000| Untracked 
|  43|0x000000008d500000, 0x000000008d600000, 0x000000008d600000|100%| O|  |TAMS 0x000000008d600000, 0x000000008d500000| Untracked 
|  44|0x000000008d600000, 0x000000008d700000, 0x000000008d700000|100%| O|  |TAMS 0x000000008d700000, 0x000000008d600000| Untracked 
|  45|0x000000008d700000, 0x000000008d800000, 0x000000008d800000|100%| O|  |TAMS 0x000000008d800000, 0x000000008d700000| Untracked 
|  46|0x000000008d800000, 0x000000008d900000, 0x000000008d900000|100%| O|  |TAMS 0x000000008d900000, 0x000000008d800000| Untracked 
|  47|0x000000008d900000, 0x000000008da00000, 0x000000008da00000|100%| O|  |TAMS 0x000000008da00000, 0x000000008d900000| Untracked 
|  48|0x000000008da00000, 0x000000008db00000, 0x000000008db00000|100%| O|  |TAMS 0x000000008db00000, 0x000000008da00000| Untracked 
|  49|0x000000008db00000, 0x000000008dc00000, 0x000000008dc00000|100%| O|  |TAMS 0x000000008dc00000, 0x000000008db00000| Untracked 
|  50|0x000000008dc00000, 0x000000008dc00000, 0x000000008dd00000|  0%| F|  |TAMS 0x000000008dc00000, 0x000000008dc00000| Untracked 
|  51|0x000000008dd00000, 0x000000008dd00000, 0x000000008de00000|  0%| F|  |TAMS 0x000000008dd00000, 0x000000008dd00000| Untracked 
|  52|0x000000008de00000, 0x000000008de00000, 0x000000008df00000|  0%| F|  |TAMS 0x000000008de00000, 0x000000008de00000| Untracked 
|  53|0x000000008df00000, 0x000000008df00000, 0x000000008e000000|  0%| F|  |TAMS 0x000000008df00000, 0x000000008df00000| Untracked 
|  54|0x000000008e000000, 0x000000008e03cbb0, 0x000000008e100000| 23%| S|CS|TAMS 0x000000008e000000, 0x000000008e000000| Complete 
|  55|0x000000008e100000, 0x000000008e100000, 0x000000008e200000|  0%| F|  |TAMS 0x000000008e100000, 0x000000008e100000| Untracked 
|  56|0x000000008e200000, 0x000000008e200000, 0x000000008e300000|  0%| F|  |TAMS 0x000000008e200000, 0x000000008e200000| Untracked 
|  57|0x000000008e300000, 0x000000008e300000, 0x000000008e400000|  0%| F|  |TAMS 0x000000008e300000, 0x000000008e300000| Untracked 
|  58|0x000000008e400000, 0x000000008e400000, 0x000000008e500000|  0%| F|  |TAMS 0x000000008e400000, 0x000000008e400000| Untracked 
|  59|0x000000008e500000, 0x000000008e500000, 0x000000008e600000|  0%| F|  |TAMS 0x000000008e500000, 0x000000008e500000| Untracked 
|  60|0x000000008e600000, 0x000000008e600000, 0x000000008e700000|  0%| F|  |TAMS 0x000000008e600000, 0x000000008e600000| Untracked 
|  61|0x000000008e700000, 0x000000008e700000, 0x000000008e800000|  0%| F|  |TAMS 0x000000008e700000, 0x000000008e700000| Untracked 
|  62|0x000000008e800000, 0x000000008e800000, 0x000000008e900000|  0%| F|  |TAMS 0x000000008e800000, 0x000000008e800000| Untracked 
|  63|0x000000008e900000, 0x000000008e900000, 0x000000008ea00000|  0%| F|  |TAMS 0x000000008e900000, 0x000000008e900000| Untracked 
|  64|0x000000008ea00000, 0x000000008ea00000, 0x000000008eb00000|  0%| F|  |TAMS 0x000000008ea00000, 0x000000008ea00000| Untracked 
|  65|0x000000008eb00000, 0x000000008eb00000, 0x000000008ec00000|  0%| F|  |TAMS 0x000000008eb00000, 0x000000008eb00000| Untracked 
|  66|0x000000008ec00000, 0x000000008ec00000, 0x000000008ed00000|  0%| F|  |TAMS 0x000000008ec00000, 0x000000008ec00000| Untracked 
|  67|0x000000008ed00000, 0x000000008ed00000, 0x000000008ee00000|  0%| F|  |TAMS 0x000000008ed00000, 0x000000008ed00000| Untracked 
|  68|0x000000008ee00000, 0x000000008ee00000, 0x000000008ef00000|  0%| F|  |TAMS 0x000000008ee00000, 0x000000008ee00000| Untracked 
|  69|0x000000008ef00000, 0x000000008ef00000, 0x000000008f000000|  0%| F|  |TAMS 0x000000008ef00000, 0x000000008ef00000| Untracked 
|  70|0x000000008f000000, 0x000000008f000000, 0x000000008f100000|  0%| F|  |TAMS 0x000000008f000000, 0x000000008f000000| Untracked 
|  71|0x000000008f100000, 0x000000008f13a2c0, 0x000000008f200000| 22%| E|  |TAMS 0x000000008f100000, 0x000000008f100000| Complete 
|  72|0x000000008f200000, 0x000000008f300000, 0x000000008f300000|100%| E|CS|TAMS 0x000000008f200000, 0x000000008f200000| Complete 
|  73|0x000000008f300000, 0x000000008f400000, 0x000000008f400000|100%| E|CS|TAMS 0x000000008f300000, 0x000000008f300000| Complete 
|  74|0x000000008f400000, 0x000000008f500000, 0x000000008f500000|100%| E|CS|TAMS 0x000000008f400000, 0x000000008f400000| Complete 
|  75|0x000000008f500000, 0x000000008f600000, 0x000000008f600000|100%| E|  |TAMS 0x000000008f500000, 0x000000008f500000| Complete 
|  76|0x000000008f600000, 0x000000008f700000, 0x000000008f700000|100%| E|CS|TAMS 0x000000008f600000, 0x000000008f600000| Complete 
|  77|0x000000008f700000, 0x000000008f800000, 0x000000008f800000|100%| E|CS|TAMS 0x000000008f700000, 0x000000008f700000| Complete 
|  78|0x000000008f800000, 0x000000008f900000, 0x000000008f900000|100%| E|CS|TAMS 0x000000008f800000, 0x000000008f800000| Complete 
|  79|0x000000008f900000, 0x000000008fa00000, 0x000000008fa00000|100%| E|CS|TAMS 0x000000008f900000, 0x000000008f900000| Complete 
|  80|0x000000008fa00000, 0x000000008fb00000, 0x000000008fb00000|100%| E|CS|TAMS 0x000000008fa00000, 0x000000008fa00000| Complete 
|  81|0x000000008fb00000, 0x000000008fc00000, 0x000000008fc00000|100%| E|CS|TAMS 0x000000008fb00000, 0x000000008fb00000| Complete 
|  82|0x000000008fc00000, 0x000000008fd00000, 0x000000008fd00000|100%| E|CS|TAMS 0x000000008fc00000, 0x000000008fc00000| Complete 
|  83|0x000000008fd00000, 0x000000008fe00000, 0x000000008fe00000|100%| E|CS|TAMS 0x000000008fd00000, 0x000000008fd00000| Complete 
|  84|0x000000008fe00000, 0x000000008ff00000, 0x000000008ff00000|100%| E|CS|TAMS 0x000000008fe00000, 0x000000008fe00000| Complete 
|  85|0x000000008ff00000, 0x0000000090000000, 0x0000000090000000|100%| E|CS|TAMS 0x000000008ff00000, 0x000000008ff00000| Complete 
|  86|0x0000000090000000, 0x0000000090100000, 0x0000000090100000|100%| E|CS|TAMS 0x0000000090000000, 0x0000000090000000| Complete 
|  87|0x0000000090100000, 0x0000000090200000, 0x0000000090200000|100%| E|CS|TAMS 0x0000000090100000, 0x0000000090100000| Complete 
|  88|0x0000000090200000, 0x0000000090300000, 0x0000000090300000|100%| E|CS|TAMS 0x0000000090200000, 0x0000000090200000| Complete 
|  89|0x0000000090300000, 0x0000000090400000, 0x0000000090400000|100%| E|CS|TAMS 0x0000000090300000, 0x0000000090300000| Complete 
|  90|0x0000000090400000, 0x0000000090500000, 0x0000000090500000|100%| E|CS|TAMS 0x0000000090400000, 0x0000000090400000| Complete 
|  91|0x0000000090500000, 0x0000000090600000, 0x0000000090600000|100%| E|CS|TAMS 0x0000000090500000, 0x0000000090500000| Complete 
|  92|0x0000000090600000, 0x0000000090700000, 0x0000000090700000|100%| E|CS|TAMS 0x0000000090600000, 0x0000000090600000| Complete 
|  93|0x0000000090700000, 0x0000000090800000, 0x0000000090800000|100%| E|CS|TAMS 0x0000000090700000, 0x0000000090700000| Complete 
|  94|0x0000000090800000, 0x0000000090900000, 0x0000000090900000|100%| E|CS|TAMS 0x0000000090800000, 0x0000000090800000| Complete 
|  95|0x0000000090900000, 0x0000000090a00000, 0x0000000090a00000|100%| E|CS|TAMS 0x0000000090900000, 0x0000000090900000| Complete 
|  96|0x0000000090a00000, 0x0000000090b00000, 0x0000000090b00000|100%| E|CS|TAMS 0x0000000090a00000, 0x0000000090a00000| Complete 
| 117|0x0000000091f00000, 0x0000000092000000, 0x0000000092000000|100%| E|CS|TAMS 0x0000000091f00000, 0x0000000091f00000| Complete 

Card table byte_map: [0x000001e646650000,0x000001e646a00000] _byte_map_base: 0x000001e6461fb000

Marking Bits (Prev, Next): (CMBitMap*) 0x000001e62f511bb0, (CMBitMap*) 0x000001e62f511b70
 Prev Bits: [0x000001e648b10000, 0x000001e64a868000)
 Next Bits: [0x000001e646db0000, 0x000001e648b08000)

Polling page: 0x000001e62d310000

Metaspace:

Usage:
  Non-class:     70.42 MB used.
      Class:     10.13 MB used.
       Both:     80.54 MB used.

Virtual space:
  Non-class space:      128.00 MB reserved,      70.69 MB ( 55%) committed,  2 nodes.
      Class space:        1.00 GB reserved,      10.44 MB (  1%) committed,  1 nodes.
             Both:        1.12 GB reserved,      81.12 MB (  7%) committed. 

Chunk freelists:
   Non-Class:  8.58 MB
       Class:  5.52 MB
        Both:  14.09 MB

MaxMetaspaceSize: unlimited
CompressedClassSpaceSize: 1.00 GB
Initial GC threshold: 21.00 MB
Current GC threshold: 135.25 MB
CDS: on
MetaspaceReclaimPolicy: balanced
 - commit_granule_bytes: 65536.
 - commit_granule_words: 8192.
 - virtual_space_node_default_size: 8388608.
 - enlarge_chunks_in_place: 1.
 - new_chunks_are_fully_committed: 0.
 - uncommit_free_chunks: 1.
 - use_allocation_guard: 0.
 - handle_deallocations: 1.


Internal statistics:

num_allocs_failed_limit: 9.
num_arena_births: 960.
num_arena_deaths: 0.
num_vsnodes_births: 3.
num_vsnodes_deaths: 0.
num_space_committed: 1298.
num_space_uncommitted: 0.
num_chunks_returned_to_freelist: 9.
num_chunks_taken_from_freelist: 4008.
num_chunk_merges: 9.
num_chunk_splits: 2824.
num_chunks_enlarged: 2147.
num_purges: 0.
num_inconsistent_stats: 0.

CodeHeap 'non-profiled nmethods': size=120000Kb used=11832Kb max_used=12251Kb free=108167Kb
 bounds [0x000001e63e820000, 0x000001e63f420000, 0x000001e645d50000]
CodeHeap 'profiled nmethods': size=120000Kb used=20305Kb max_used=24923Kb free=99694Kb
 bounds [0x000001e636d50000, 0x000001e6385c0000, 0x000001e63e280000]
CodeHeap 'non-nmethods': size=5760Kb used=1389Kb max_used=1444Kb free=4370Kb
 bounds [0x000001e63e280000, 0x000001e63e4f0000, 0x000001e63e820000]
 total_blobs=13326 nmethods=12597 adapters=639
 compilation: enabled
              stopped_count=0, restarted_count=0
 full_count=0

Compilation events (20 events):
Event: 264.929 Thread 0x000001e64d4a1bb0 16870       1       ch.qos.logback.classic.spi.ThrowableProxy::isCyclic (5 bytes)
Event: 264.929 Thread 0x000001e64d4a1bb0 nmethod 16870 0x000001e63ecdcf10 code [0x000001e63ecdd0a0, 0x000001e63ecdd178]
Event: 264.929 Thread 0x000001e64d4a1bb0 16871       1       ch.qos.logback.classic.spi.ThrowableProxy::getClassName (5 bytes)
Event: 264.929 Thread 0x000001e64d4a1bb0 nmethod 16871 0x000001e63ecdcc10 code [0x000001e63ecdcda0, 0x000001e63ecdce78]
Event: 264.929 Thread 0x000001e64d4a1bb0 16872       1       ch.qos.logback.classic.spi.ThrowableProxy::getMessage (5 bytes)
Event: 264.929 Thread 0x000001e64d4a1bb0 nmethod 16872 0x000001e63ecdc910 code [0x000001e63ecdcaa0, 0x000001e63ecdcb78]
Event: 264.931 Thread 0x000001e64d4a1bb0 16873       2       org.springframework.transaction.support.AbstractPlatformTransactionManager::triggerBeforeCompletion (11 bytes)
Event: 264.931 Thread 0x000001e64d4a1bb0 nmethod 16873 0x000001e6376bf190 code [0x000001e6376bf320, 0x000001e6376bf448]
Event: 264.931 Thread 0x000001e64d4a1bb0 16874       2       org.springframework.transaction.support.AbstractTransactionStatus::hasSavepoint (13 bytes)
Event: 264.931 Thread 0x000001e64d4a1bb0 nmethod 16874 0x000001e63773a310 code [0x000001e63773a4a0, 0x000001e63773a5b8]
Event: 264.934 Thread 0x000001e693b87890 nmethod 16786 0x000001e63ed78890 code [0x000001e63ed78a40, 0x000001e63ed790a8]
Event: 264.934 Thread 0x000001e693b87890 16862       4       java.lang.ClassLoader::loadClass (7 bytes)
Event: 264.939 Thread 0x000001e693b87890 nmethod 16862 0x000001e63ecdc410 code [0x000001e63ecdc5c0, 0x000001e63ecdc738]
Event: 264.939 Thread 0x000001e693b87890 16875       4       java.lang.invoke.LambdaForm$MH/0x000001e64f021800::invoke (148 bytes)
Event: 264.943 Thread 0x000001e693b87890 nmethod 16875 0x000001e63ed77b10 code [0x000001e63ed77d20, 0x000001e63ed780c0]
Event: 264.943 Thread 0x000001e693b87890 16812       4       org.apache.catalina.core.ApplicationHttpRequest$AttributeNamesEnumerator::hasMoreElements (36 bytes)
Event: 264.951 Thread 0x000001e693b87890 nmethod 16812 0x000001e63f1d4590 code [0x000001e63f1d4740, 0x000001e63f1d4c78]
Event: 264.951 Thread 0x000001e693b87890 16827       4       org.apache.catalina.core.ApplicationHttpRequest$AttributeNamesEnumerator::nextElement (5 bytes)
Event: 264.952 Thread 0x000001e693b87890 nmethod 16827 0x000001e63ecdc110 code [0x000001e63ecdc2a0, 0x000001e63ecdc348]
Event: 264.952 Thread 0x000001e693b87890 16876       4       java.lang.StackTraceElement::toString (322 bytes)

GC Heap History (20 events):
Event: 207.957 GC heap before
{Heap before GC invocations=76 (full 0):
 garbage-first heap   total 100352K, used 87139K [0x000000008aa00000, 0x0000000100000000)
  region size 1024K, 42 young (43008K), 1 survivors (1024K)
 Metaspace       used 82111K, committed 82688K, reserved 1179648K
  class space    used 10327K, committed 10624K, reserved 1048576K
}
Event: 207.960 GC heap after
{Heap after GC invocations=77 (full 0):
 garbage-first heap   total 100352K, used 45134K [0x000000008aa00000, 0x0000000100000000)
  region size 1024K, 1 young (1024K), 1 survivors (1024K)
 Metaspace       used 82111K, committed 82688K, reserved 1179648K
  class space    used 10327K, committed 10624K, reserved 1048576K
}
Event: 212.191 GC heap before
{Heap before GC invocations=78 (full 0):
 garbage-first heap   total 100352K, used 87118K [0x000000008aa00000, 0x0000000100000000)
  region size 1024K, 42 young (43008K), 1 survivors (1024K)
 Metaspace       used 82121K, committed 82688K, reserved 1179648K
  class space    used 10328K, committed 10624K, reserved 1048576K
}
Event: 212.193 GC heap after
{Heap after GC invocations=79 (full 0):
 garbage-first heap   total 100352K, used 45155K [0x000000008aa00000, 0x0000000100000000)
  region size 1024K, 1 young (1024K), 1 survivors (1024K)
 Metaspace       used 82121K, committed 82688K, reserved 1179648K
  class space    used 10328K, committed 10624K, reserved 1048576K
}
Event: 212.654 GC heap before
{Heap before GC invocations=79 (full 0):
 garbage-first heap   total 100352K, used 47203K [0x000000008aa00000, 0x0000000100000000)
  region size 1024K, 4 young (4096K), 1 survivors (1024K)
 Metaspace       used 82121K, committed 82688K, reserved 1179648K
  class space    used 10328K, committed 10624K, reserved 1048576K
}
Event: 212.656 GC heap after
{Heap after GC invocations=80 (full 0):
 garbage-first heap   total 100352K, used 44916K [0x000000008aa00000, 0x0000000100000000)
  region size 1024K, 1 young (1024K), 1 survivors (1024K)
 Metaspace       used 82121K, committed 82688K, reserved 1179648K
  class space    used 10328K, committed 10624K, reserved 1048576K
}
Event: 216.264 GC heap before
{Heap before GC invocations=80 (full 0):
 garbage-first heap   total 100352K, used 87924K [0x000000008aa00000, 0x0000000100000000)
  region size 1024K, 43 young (44032K), 1 survivors (1024K)
 Metaspace       used 82121K, committed 82688K, reserved 1179648K
  class space    used 10328K, committed 10624K, reserved 1048576K
}
Event: 216.266 GC heap after
{Heap after GC invocations=81 (full 0):
 garbage-first heap   total 100352K, used 44915K [0x000000008aa00000, 0x0000000100000000)
  region size 1024K, 1 young (1024K), 1 survivors (1024K)
 Metaspace       used 82121K, committed 82688K, reserved 1179648K
  class space    used 10328K, committed 10624K, reserved 1048576K
}
Event: 220.606 GC heap before
{Heap before GC invocations=81 (full 0):
 garbage-first heap   total 100352K, used 87923K [0x000000008aa00000, 0x0000000100000000)
  region size 1024K, 43 young (44032K), 1 survivors (1024K)
 Metaspace       used 82122K, committed 82688K, reserved 1179648K
  class space    used 10328K, committed 10624K, reserved 1048576K
}
Event: 220.607 GC heap after
{Heap after GC invocations=82 (full 0):
 garbage-first heap   total 100352K, used 44929K [0x000000008aa00000, 0x0000000100000000)
  region size 1024K, 1 young (1024K), 1 survivors (1024K)
 Metaspace       used 82122K, committed 82688K, reserved 1179648K
  class space    used 10328K, committed 10624K, reserved 1048576K
}
Event: 225.082 GC heap before
{Heap before GC invocations=82 (full 0):
 garbage-first heap   total 100352K, used 87937K [0x000000008aa00000, 0x0000000100000000)
  region size 1024K, 43 young (44032K), 1 survivors (1024K)
 Metaspace       used 82123K, committed 82688K, reserved 1179648K
  class space    used 10328K, committed 10624K, reserved 1048576K
}
Event: 225.083 GC heap after
{Heap after GC invocations=83 (full 0):
 garbage-first heap   total 100352K, used 44927K [0x000000008aa00000, 0x0000000100000000)
  region size 1024K, 1 young (1024K), 1 survivors (1024K)
 Metaspace       used 82123K, committed 82688K, reserved 1179648K
  class space    used 10328K, committed 10624K, reserved 1048576K
}
Event: 228.790 GC heap before
{Heap before GC invocations=84 (full 0):
 garbage-first heap   total 100352K, used 87935K [0x000000008aa00000, 0x0000000100000000)
  region size 1024K, 43 young (44032K), 1 survivors (1024K)
 Metaspace       used 82126K, committed 82688K, reserved 1179648K
  class space    used 10328K, committed 10624K, reserved 1048576K
}
Event: 228.792 GC heap after
{Heap after GC invocations=85 (full 0):
 garbage-first heap   total 100352K, used 44907K [0x000000008aa00000, 0x0000000100000000)
  region size 1024K, 1 young (1024K), 1 survivors (1024K)
 Metaspace       used 82126K, committed 82688K, reserved 1179648K
  class space    used 10328K, committed 10624K, reserved 1048576K
}
Event: 233.147 GC heap before
{Heap before GC invocations=85 (full 0):
 garbage-first heap   total 100352K, used 86891K [0x000000008aa00000, 0x0000000100000000)
  region size 1024K, 43 young (44032K), 1 survivors (1024K)
 Metaspace       used 82142K, committed 82752K, reserved 1179648K
  class space    used 10328K, committed 10624K, reserved 1048576K
}
Event: 233.150 GC heap after
{Heap after GC invocations=86 (full 0):
 garbage-first heap   total 100352K, used 44932K [0x000000008aa00000, 0x0000000100000000)
  region size 1024K, 1 young (1024K), 1 survivors (1024K)
 Metaspace       used 82142K, committed 82752K, reserved 1179648K
  class space    used 10328K, committed 10624K, reserved 1048576K
}
Event: 237.849 GC heap before
{Heap before GC invocations=87 (full 0):
 garbage-first heap   total 100352K, used 86916K [0x000000008aa00000, 0x0000000100000000)
  region size 1024K, 43 young (44032K), 1 survivors (1024K)
 Metaspace       used 82142K, committed 82752K, reserved 1179648K
  class space    used 10328K, committed 10624K, reserved 1048576K
}
Event: 237.850 GC heap after
{Heap after GC invocations=88 (full 0):
 garbage-first heap   total 100352K, used 44932K [0x000000008aa00000, 0x0000000100000000)
  region size 1024K, 1 young (1024K), 1 survivors (1024K)
 Metaspace       used 82142K, committed 82752K, reserved 1179648K
  class space    used 10328K, committed 10624K, reserved 1048576K
}
Event: 264.235 GC heap before
{Heap before GC invocations=88 (full 0):
 garbage-first heap   total 100352K, used 86916K [0x000000008aa00000, 0x0000000100000000)
  region size 1024K, 43 young (44032K), 1 survivors (1024K)
 Metaspace       used 82440K, committed 83072K, reserved 1179648K
  class space    used 10368K, committed 10688K, reserved 1048576K
}
Event: 264.254 GC heap after
{Heap after GC invocations=89 (full 0):
 garbage-first heap   total 100352K, used 45092K [0x000000008aa00000, 0x0000000100000000)
  region size 1024K, 1 young (1024K), 1 survivors (1024K)
 Metaspace       used 82440K, committed 83072K, reserved 1179648K
  class space    used 10368K, committed 10688K, reserved 1048576K
}

Deoptimization events (20 events):
Event: 264.466 Thread 0x000001e694868d40 DEOPT PACKING pc=0x000001e636e2a814 sp=0x00000038202fc170
Event: 264.466 Thread 0x000001e694868d40 DEOPT UNPACKING pc=0x000001e63e2d2b43 sp=0x00000038202fb5b0 mode 0
Event: 264.524 Thread 0x000001e694866b90 DEOPT PACKING pc=0x000001e636e2a814 sp=0x000000381f9fc4b0
Event: 264.524 Thread 0x000001e694866b90 DEOPT UNPACKING pc=0x000001e63e2d2b43 sp=0x000000381f9fb8f0 mode 0
Event: 264.580 Thread 0x000001e6948661f0 DEOPT PACKING pc=0x000001e636e2a814 sp=0x000000381fbfc690
Event: 264.580 Thread 0x000001e6948661f0 DEOPT UNPACKING pc=0x000001e63e2d2b43 sp=0x000000381fbfbad0 mode 0
Event: 264.652 Thread 0x000001e69486bd60 DEOPT PACKING pc=0x000001e636e2a814 sp=0x000000381fcfd500
Event: 264.652 Thread 0x000001e69486bd60 DEOPT UNPACKING pc=0x000001e63e2d2b43 sp=0x000000381fcfc940 mode 0
Event: 264.653 Thread 0x000001e69486bd60 DEOPT PACKING pc=0x000001e636e2a814 sp=0x000000381fcfc500
Event: 264.655 Thread 0x000001e69486bd60 DEOPT UNPACKING pc=0x000001e63e2d2b43 sp=0x000000381fcfb940 mode 0
Event: 264.708 Thread 0x000001e6948683a0 DEOPT PACKING pc=0x000001e636e2a814 sp=0x000000381fdfc1d0
Event: 264.708 Thread 0x000001e6948683a0 DEOPT UNPACKING pc=0x000001e63e2d2b43 sp=0x000000381fdfb610 mode 0
Event: 264.760 Thread 0x000001e6948666c0 DEOPT PACKING pc=0x000001e636e2a814 sp=0x000000381fefc5d0
Event: 264.760 Thread 0x000001e6948666c0 DEOPT UNPACKING pc=0x000001e63e2d2b43 sp=0x000000381fefba20 mode 0
Event: 264.761 Thread 0x000001e6948666c0 DEOPT PACKING pc=0x000001e636e2a814 sp=0x000000381fefc6b0
Event: 264.761 Thread 0x000001e6948666c0 DEOPT UNPACKING pc=0x000001e63e2d2b43 sp=0x000000381fefbaf0 mode 0
Event: 264.823 Thread 0x000001e694869bb0 DEOPT PACKING pc=0x000001e636e2a814 sp=0x000000381fafc5f0
Event: 264.823 Thread 0x000001e694869bb0 DEOPT UNPACKING pc=0x000001e63e2d2b43 sp=0x000000381fafba30 mode 0
Event: 264.893 Thread 0x000001e694865d20 DEOPT PACKING pc=0x000001e636e2a814 sp=0x00000038201fc5c0
Event: 264.893 Thread 0x000001e694865d20 DEOPT UNPACKING pc=0x000001e63e2d2b43 sp=0x00000038201fba00 mode 0

Classes unloaded (0 events):
No events

Classes redefined (0 events):
No events

Internal exceptions (20 events):
Event: 35.396 Thread 0x000001e62f4bc620 Exception <a 'java/lang/NoSuchMethodError'{0x000000008ecb74b0}: 'java.lang.Object java.lang.invoke.DirectMethodHandle$Holder.invokeInterface(java.lang.Object, java.lang.Object, java.lang.Object, java.lang.Object)'> (0x000000008ecb74b0) 
thrown [s\open\src\hotspot\share\interpreter\linkResolver.cpp, line 759]
Event: 35.483 Thread 0x000001e62f4bc620 Exception <a 'java/lang/NoSuchMethodError'{0x000000008ea4d240}: 'void java.lang.invoke.DirectMethodHandle$Holder.invokeVirtual(java.lang.Object, java.lang.Object, int)'> (0x000000008ea4d240) 
thrown [s\open\src\hotspot\share\interpreter\linkResolver.cpp, line 759]
Event: 35.486 Thread 0x000001e62f4bc620 Exception <a 'java/lang/NoSuchMethodError'{0x000000008ea67de8}: 'void java.lang.invoke.DirectMethodHandle$Holder.invokeVirtual(java.lang.Object, java.lang.Object, long)'> (0x000000008ea67de8) 
thrown [s\open\src\hotspot\share\interpreter\linkResolver.cpp, line 759]
Event: 35.708 Thread 0x000001e62f4bc620 Implicit null exception at 0x000001e63e956d3a to 0x000001e63e956f28
Event: 35.775 Thread 0x000001e62f4bc620 Exception <a 'java/lang/NoSuchMethodError'{0x000000008fed5dd8}: 'java.lang.Object java.lang.invoke.DirectMethodHandle$Holder.newInvokeSpecial(java.lang.Object, java.lang.Object, int, java.lang.Object, java.lang.Object)'> (0x000000008fed5dd8) 
thrown [s\open\src\hotspot\share\interpreter\linkResolver.cpp, line 759]
Event: 35.776 Thread 0x000001e62f4bc620 Exception <a 'java/lang/NoSuchMethodError'{0x000000008fee1168}: 'java.lang.Object java.lang.invoke.DirectMethodHandle$Holder.invokeSpecial(java.lang.Object, java.lang.Object, int, java.lang.Object, int, java.lang.Object)'> (0x000000008fee1168) 
thrown [s\open\src\hotspot\share\interpreter\linkResolver.cpp, line 759]
Event: 35.777 Thread 0x000001e62f4bc620 Exception <a 'java/lang/NoSuchMethodError'{0x000000008fee8ee0}: 'java.lang.Object java.lang.invoke.DirectMethodHandle$Holder.newInvokeSpecial(java.lang.Object, java.lang.Object, int, java.lang.Object, int)'> (0x000000008fee8ee0) 
thrown [s\open\src\hotspot\share\interpreter\linkResolver.cpp, line 759]
Event: 35.777 Thread 0x000001e62f4bc620 Exception <a 'java/lang/NoSuchMethodError'{0x000000008feecfe0}: 'java.lang.Object java.lang.invoke.DirectMethodHandle$Holder.invokeSpecial(java.lang.Object, java.lang.Object, java.lang.Object, int, java.lang.Object, int)'> (0x000000008feecfe0) 
thrown [s\open\src\hotspot\share\interpreter\linkResolver.cpp, line 759]
Event: 59.348 Thread 0x000001e694869bb0 Exception <a 'java/lang/NoSuchMethodError'{0x000000008f8c3880}: 'java.lang.Object java.lang.invoke.DirectMethodHandle$Holder.invokeSpecial(java.lang.Object, java.lang.Object, java.lang.Object, java.lang.Object, java.lang.Object, long)'> (0x000000008f8c3880) 
thrown [s\open\src\hotspot\share\interpreter\linkResolver.cpp, line 759]
Event: 59.348 Thread 0x000001e694869bb0 Exception <a 'java/lang/NoSuchMethodError'{0x000000008f8c72c0}: 'java.lang.Object java.lang.invoke.Invokers$Holder.linkToTargetMethod(java.lang.Object, java.lang.Object, java.lang.Object, long, java.lang.Object)'> (0x000000008f8c72c0) 
thrown [s\open\src\hotspot\share\interpreter\linkResolver.cpp, line 759]
Event: 59.633 Thread 0x000001e694869bb0 Exception <a 'java/lang/IncompatibleClassChangeError'{0x000000008ed24ed8}: Found class java.lang.Object, but interface was expected> (0x000000008ed24ed8) 
thrown [s\open\src\hotspot\share\interpreter\linkResolver.cpp, line 826]
Event: 94.490 Thread 0x000001e694865d20 Implicit null exception at 0x000001e63eee9f07 to 0x000001e63eeea3a4
Event: 94.493 Thread 0x000001e694865d20 Implicit null exception at 0x000001e63eee9f07 to 0x000001e63eeea3a4
Event: 94.493 Thread 0x000001e694865d20 Implicit null exception at 0x000001e63eee9f07 to 0x000001e63eeea3a4
Event: 94.511 Thread 0x000001e694865850 Implicit null exception at 0x000001e63eee9f07 to 0x000001e63eeea3a4
Event: 98.633 Thread 0x000001e69486bd60 Implicit null exception at 0x000001e63ef27d11 to 0x000001e63ef27f78
Event: 99.442 Thread 0x000001e694865d20 Implicit null exception at 0x000001e63ef360f0 to 0x000001e63ef36370
Event: 263.667 Thread 0x000001e6948661f0 Implicit null exception at 0x000001e63ecdc5ce to 0x000001e63ecdcca8
Event: 263.668 Thread 0x000001e6948661f0 Implicit null exception at 0x000001e63ecdd905 to 0x000001e63ecdda50
Event: 263.797 Thread 0x000001e69486bd60 Implicit null exception at 0x000001e63f2a36d3 to 0x000001e63f2a3b20

VM Operations (20 events):
Event: 237.848 Executing VM operation: G1CollectForAllocation
Event: 237.850 Executing VM operation: G1CollectForAllocation done
Event: 241.894 Executing VM operation: Cleanup
Event: 241.894 Executing VM operation: Cleanup done
Event: 263.101 Executing VM operation: Cleanup
Event: 263.116 Executing VM operation: Cleanup done
Event: 263.652 Executing VM operation: HandshakeAllThreads
Event: 263.652 Executing VM operation: HandshakeAllThreads done
Event: 263.739 Executing VM operation: HandshakeAllThreads
Event: 263.739 Executing VM operation: HandshakeAllThreads done
Event: 263.884 Executing VM operation: HandshakeAllThreads
Event: 263.884 Executing VM operation: HandshakeAllThreads done
Event: 263.961 Executing VM operation: HandshakeAllThreads
Event: 263.970 Executing VM operation: HandshakeAllThreads done
Event: 264.234 Executing VM operation: G1CollectForAllocation
Event: 264.254 Executing VM operation: G1CollectForAllocation done
Event: 264.449 Executing VM operation: G1Concurrent
Event: 264.461 Executing VM operation: G1Concurrent done
Event: 264.478 Executing VM operation: G1Concurrent
Event: 264.478 Executing VM operation: G1Concurrent done

Events (20 events):
Event: 264.947 loading class jdk/internal/reflect/GeneratedMethodAccessor57
Event: 264.947 loading class jdk/internal/reflect/GeneratedMethodAccessor57 done
Event: 264.948 loading class jdk/internal/reflect/GeneratedMethodAccessor57
Event: 264.948 loading class jdk/internal/reflect/GeneratedMethodAccessor57 done
Event: 264.949 loading class jdk/internal/reflect/GeneratedMethodAccessor59
Event: 264.949 loading class jdk/internal/reflect/GeneratedMethodAccessor59 done
Event: 264.950 loading class jdk/internal/reflect/GeneratedMethodAccessor59
Event: 264.950 loading class jdk/internal/reflect/GeneratedMethodAccessor59 done
Event: 264.951 loading class jdk/internal/reflect/GeneratedMethodAccessor65
Event: 264.951 loading class jdk/internal/reflect/GeneratedMethodAccessor65 done
Event: 264.952 loading class jdk/internal/reflect/GeneratedMethodAccessor65
Event: 264.952 loading class jdk/internal/reflect/GeneratedMethodAccessor65 done
Event: 264.952 loading class jdk/internal/reflect/GeneratedMethodAccessor60
Event: 264.952 loading class jdk/internal/reflect/GeneratedMethodAccessor60 done
Event: 264.953 loading class jdk/internal/reflect/GeneratedMethodAccessor60
Event: 264.953 loading class jdk/internal/reflect/GeneratedMethodAccessor60 done
Event: 264.966 loading class jdk/internal/reflect/GeneratedMethodAccessor57
Event: 264.966 loading class jdk/internal/reflect/GeneratedMethodAccessor57 done
Event: 264.968 loading class jdk/internal/reflect/GeneratedMethodAccessor57
Event: 264.968 loading class jdk/internal/reflect/GeneratedMethodAccessor57 done


Dynamic libraries:
0x00007ff7beeb0000 - 0x00007ff7beec0000 	C:\Program Files\Java\jdk-17\bin\java.exe
0x00007fff0a550000 - 0x00007fff0a748000 	C:\WINDOWS\SYSTEM32\ntdll.dll
0x00007fff09060000 - 0x00007fff0911d000 	C:\WINDOWS\System32\KERNEL32.DLL
0x00007fff08090000 - 0x00007fff08386000 	C:\WINDOWS\System32\KERNELBASE.dll
0x00007fff07e30000 - 0x00007fff07f30000 	C:\WINDOWS\System32\ucrtbase.dll
0x00007ffed4f90000 - 0x00007ffed4fab000 	C:\Program Files\Java\jdk-17\bin\VCRUNTIME140.dll
0x00007ffed7580000 - 0x00007ffed7599000 	C:\Program Files\Java\jdk-17\bin\jli.dll
0x00007fff0a0c0000 - 0x00007fff0a170000 	C:\WINDOWS\System32\ADVAPI32.dll
0x00007fff09af0000 - 0x00007fff09b8e000 	C:\WINDOWS\System32\msvcrt.dll
0x00007fff0a020000 - 0x00007fff0a0c0000 	C:\WINDOWS\System32\sechost.dll
0x00007fff0a240000 - 0x00007fff0a365000 	C:\WINDOWS\System32\RPCRT4.dll
0x00007fff08550000 - 0x00007fff08577000 	C:\WINDOWS\System32\bcrypt.dll
0x00007fff08ec0000 - 0x00007fff0905e000 	C:\WINDOWS\System32\USER32.dll
0x00007fff08390000 - 0x00007fff083b2000 	C:\WINDOWS\System32\win32u.dll
0x00007ffef18a0000 - 0x00007ffef1b3a000 	C:\WINDOWS\WinSxS\amd64_microsoft.windows.common-controls_6595b64144ccf1df_6.0.19041.3636_none_60b6a03d71f818d5\COMCTL32.dll
0x00007fff09a60000 - 0x00007fff09a8b000 	C:\WINDOWS\System32\GDI32.dll
0x00007fff083c0000 - 0x00007fff084d7000 	C:\WINDOWS\System32\gdi32full.dll
0x00007fff07c50000 - 0x00007fff07ced000 	C:\WINDOWS\System32\msvcp_win.dll
0x00007ffeff2b0000 - 0x00007ffeff2ba000 	C:\WINDOWS\SYSTEM32\VERSION.dll
0x00007fff08cf0000 - 0x00007fff08d22000 	C:\WINDOWS\System32\IMM32.DLL
0x00007ffed5020000 - 0x00007ffed502c000 	C:\Program Files\Java\jdk-17\bin\vcruntime140_1.dll
0x00007ffed4f00000 - 0x00007ffed4f8e000 	C:\Program Files\Java\jdk-17\bin\msvcp140.dll
0x00007ffe70670000 - 0x00007ffe7124e000 	C:\Program Files\Java\jdk-17\bin\server\jvm.dll
0x00007fff08e90000 - 0x00007fff08e98000 	C:\WINDOWS\System32\PSAPI.DLL
0x00007ffeff280000 - 0x00007ffeff2a7000 	C:\WINDOWS\SYSTEM32\WINMM.dll
0x00007ffeded60000 - 0x00007ffeded69000 	C:\WINDOWS\SYSTEM32\WSOCK32.dll
0x00007fff099f0000 - 0x00007fff09a5b000 	C:\WINDOWS\System32\WS2_32.dll
0x00007fff06440000 - 0x00007fff06452000 	C:\WINDOWS\SYSTEM32\kernel.appcore.dll
0x00007ffed4ef0000 - 0x00007ffed4efa000 	C:\Program Files\Java\jdk-17\bin\jimage.dll
0x00007fff05880000 - 0x00007fff05a64000 	C:\WINDOWS\SYSTEM32\DBGHELP.DLL
0x00007ffed8ae0000 - 0x00007ffed8b14000 	C:\WINDOWS\SYSTEM32\dbgcore.DLL
0x00007fff07cf0000 - 0x00007fff07d72000 	C:\WINDOWS\System32\bcryptPrimitives.dll
0x00007fff03010000 - 0x00007fff0301e000 	C:\Program Files\Java\jdk-17\bin\instrument.dll
0x00007ffed4ec0000 - 0x00007ffed4ee5000 	C:\Program Files\Java\jdk-17\bin\java.dll
0x00007ffe70590000 - 0x00007ffe70667000 	C:\Program Files\Java\jdk-17\bin\jsvml.dll
0x00007fff08580000 - 0x00007fff08ceb000 	C:\WINDOWS\System32\SHELL32.dll
0x00007fff05c90000 - 0x00007fff0642e000 	C:\WINDOWS\SYSTEM32\windows.storage.dll
0x00007fff09230000 - 0x00007fff09583000 	C:\WINDOWS\System32\combase.dll
0x00007fff075c0000 - 0x00007fff075ee000 	C:\WINDOWS\SYSTEM32\Wldp.dll
0x00007fff0a170000 - 0x00007fff0a23d000 	C:\WINDOWS\System32\OLEAUT32.dll
0x00007fff0a400000 - 0x00007fff0a4ad000 	C:\WINDOWS\System32\SHCORE.dll
0x00007fff09a90000 - 0x00007fff09ae5000 	C:\WINDOWS\System32\shlwapi.dll
0x00007fff07b30000 - 0x00007fff07b55000 	C:\WINDOWS\SYSTEM32\profapi.dll
0x00007ffe79820000 - 0x00007ffe79838000 	C:\Program Files\Java\jdk-17\bin\zip.dll
0x00007ffed4e90000 - 0x00007ffed4ea9000 	C:\Program Files\Java\jdk-17\bin\net.dll
0x00007fff02260000 - 0x00007fff0236a000 	C:\WINDOWS\SYSTEM32\WINHTTP.dll
0x00007fff07320000 - 0x00007fff0738a000 	C:\WINDOWS\system32\mswsock.dll
0x00007ffe79840000 - 0x00007ffe79856000 	C:\Program Files\Java\jdk-17\bin\nio.dll
0x00007ffef69e0000 - 0x00007ffef69fa000 	C:\Program Files\JetBrains\IntelliJ IDEA Community Edition 2023.1.4\bin\breakgen64.dll
0x00007ffe79800000 - 0x00007ffe79810000 	C:\Program Files\Java\jdk-17\bin\verify.dll
0x00007fff07510000 - 0x00007fff07528000 	C:\WINDOWS\SYSTEM32\CRYPTSP.dll
0x00007fff06bf0000 - 0x00007fff06c24000 	C:\WINDOWS\system32\rsaenh.dll
0x00007fff07af0000 - 0x00007fff07b1e000 	C:\WINDOWS\SYSTEM32\USERENV.dll
0x00007fff07530000 - 0x00007fff0753c000 	C:\WINDOWS\SYSTEM32\CRYPTBASE.dll
0x00007fff07010000 - 0x00007fff0704b000 	C:\WINDOWS\SYSTEM32\IPHLPAPI.DLL
0x00007fff0a010000 - 0x00007fff0a018000 	C:\WINDOWS\System32\NSI.dll
0x00007fff009f0000 - 0x00007fff00a07000 	C:\WINDOWS\SYSTEM32\dhcpcsvc6.DLL
0x00007fff00ca0000 - 0x00007fff00cbd000 	C:\WINDOWS\SYSTEM32\dhcpcsvc.DLL
0x00007fff07050000 - 0x00007fff0711b000 	C:\WINDOWS\SYSTEM32\DNSAPI.dll
0x00007ffefbe60000 - 0x00007ffefbe6e000 	C:\Program Files\Java\jdk-17\bin\sunmscapi.dll
0x00007fff07f30000 - 0x00007fff0808d000 	C:\WINDOWS\System32\CRYPT32.dll
0x00007fff076a0000 - 0x00007fff076c8000 	C:\WINDOWS\SYSTEM32\ncrypt.dll
0x00007fff07610000 - 0x00007fff0764b000 	C:\WINDOWS\SYSTEM32\NTASN1.dll
0x00007ffefc210000 - 0x00007ffefc21a000 	C:\Program Files\Java\jdk-17\bin\management.dll
0x00007ffefc200000 - 0x00007ffefc20b000 	C:\Program Files\Java\jdk-17\bin\management_ext.dll
0x00007ffed7530000 - 0x00007ffed7547000 	C:\WINDOWS\system32\napinsp.dll
0x00007ffed7780000 - 0x00007ffed779b000 	C:\WINDOWS\system32\pnrpnsp.dll
0x00007fff024c0000 - 0x00007fff024d5000 	C:\WINDOWS\system32\wshbth.dll
0x00007fff02ee0000 - 0x00007fff02efd000 	C:\WINDOWS\system32\NLAapi.dll
0x00007ffed7810000 - 0x00007ffed7822000 	C:\WINDOWS\System32\winrnr.dll
0x00007fff009e0000 - 0x00007fff009ea000 	C:\Windows\System32\rasadhlp.dll
0x00007fff00720000 - 0x00007fff007a0000 	C:\WINDOWS\System32\fwpuclnt.dll
0x00007ffefeff0000 - 0x00007ffefeff7000 	C:\WINDOWS\system32\wshunix.dll

dbghelp: loaded successfully - version: 4.0.5 - missing functions: none
symbol engine: initialized successfully - sym options: 0x614 - pdb path: .;C:\Program Files\Java\jdk-17\bin;C:\WINDOWS\SYSTEM32;C:\WINDOWS\WinSxS\amd64_microsoft.windows.common-controls_6595b64144ccf1df_6.0.19041.3636_none_60b6a03d71f818d5;C:\Program Files\Java\jdk-17\bin\server;C:\Program Files\JetBrains\IntelliJ IDEA Community Edition 2023.1.4\bin

VM Arguments:
jvm_args: -javaagent:C:\Program Files\JetBrains\IntelliJ IDEA Community Edition 2023.1.4\lib\idea_rt.jar=50213:C:\Program Files\JetBrains\IntelliJ IDEA Community Edition 2023.1.4\bin -Dfile.encoding=UTF-8 
java_command: com.example.Api_version.ApiVersionApplication
java_class_path (initial): D:\projet_CAGECFI\Api_licence\target\classes;C:\Users\ilétou\.m2\repository\org\springframework\boot\spring-boot-starter-data-jpa\3.0.7\spring-boot-starter-data-jpa-3.0.7.jar;C:\Users\ilétou\.m2\repository\org\springframework\boot\spring-boot-starter-aop\3.0.7\spring-boot-starter-aop-3.0.7.jar;C:\Users\ilétou\.m2\repository\org\aspectj\aspectjweaver\1.9.19\aspectjweaver-1.9.19.jar;C:\Users\ilétou\.m2\repository\org\springframework\boot\spring-boot-starter-jdbc\3.0.7\spring-boot-starter-jdbc-3.0.7.jar;C:\Users\ilétou\.m2\repository\com\zaxxer\HikariCP\5.0.1\HikariCP-5.0.1.jar;C:\Users\ilétou\.m2\repository\org\springframework\spring-jdbc\6.0.9\spring-jdbc-6.0.9.jar;C:\Users\ilétou\.m2\repository\org\hibernate\orm\hibernate-core\6.1.7.Final\hibernate-core-6.1.7.Final.jar;C:\Users\ilétou\.m2\repository\jakarta\persistence\jakarta.persistence-api\3.1.0\jakarta.persistence-api-3.1.0.jar;C:\Users\ilétou\.m2\repository\jakarta\transaction\jakarta.transaction-api\2.0.1\jakarta.transaction-api-2.0.1.jar;C:\Users\ilétou\.m2\repository\org\jboss\logging\jboss-logging\3.5.0.Final\jboss-logging-3.5.0.Final.jar;C:\Users\ilétou\.m2\repository\org\hibernate\common\hibernate-commons-annotations\6.0.6.Final\hibernate-commons-annotations-6.0.6.Final.jar;C:\Users\ilétou\.m2\repository\org\jboss\jandex\2.4.2.Final\jandex-2.4.2.Final.jar;C:\Users\ilétou\.m2\repository\com\fasterxml\classmate\1.5.1\classmate-1.5.1.jar;C:\Users\ilétou\.m2\repository\net\bytebuddy\byte-buddy\1.12.23\byte-buddy-1.12.23.jar;C:\Users\ilétou\.m2\repository\org\glassfish\jaxb\jaxb-runtime\4.0.2\jaxb-runtime-4.0.2.jar;C:\Users\ilétou\.m2\repository\org\glassfish\jaxb\jaxb-core\4.0.2\jaxb-core-4.0.2.jar;C:\Users\ilétou\.m2\repository\org\glassfish\jaxb\txw2\4.0.2\txw2-4.0.2.jar;C:\Users\ilétou\.m2\repository\com\sun\istack\istack-commons-runtime\4.1.1\istack-commons-runtime-4.1.1.jar;C:\Users\ilétou\.m2\repository\jakarta\inject\jakarta.inject-api\2.0.0\jakarta.inject-api-2.0.0.jar;C:\
Launcher Type: SUN_STANDARD

[Global flags]
     intx CICompilerCount                          = 4                                         {product} {ergonomic}
     uint ConcGCThreads                            = 3                                         {product} {ergonomic}
     uint G1ConcRefinementThreads                  = 10                                        {product} {ergonomic}
   size_t G1HeapRegionSize                         = 1048576                                   {product} {ergonomic}
    uintx GCDrainStackTargetSize                   = 64                                        {product} {ergonomic}
   size_t InitialHeapSize                          = 123731968                                 {product} {ergonomic}
   size_t MarkStackSize                            = 4194304                                   {product} {ergonomic}
   size_t MaxHeapSize                              = 1969225728                                {product} {ergonomic}
   size_t MaxNewSize                               = 1180696576                                {product} {ergonomic}
   size_t MinHeapDeltaBytes                        = 1048576                                   {product} {ergonomic}
   size_t MinHeapSize                              = 8388608                                   {product} {ergonomic}
    uintx NonNMethodCodeHeapSize                   = 5839372                                {pd product} {ergonomic}
    uintx NonProfiledCodeHeapSize                  = 122909434                              {pd product} {ergonomic}
    uintx ProfiledCodeHeapSize                     = 122909434                              {pd product} {ergonomic}
    uintx ReservedCodeCacheSize                    = 251658240                              {pd product} {ergonomic}
     bool SegmentedCodeCache                       = true                                      {product} {ergonomic}
   size_t SoftMaxHeapSize                          = 1969225728                             {manageable} {ergonomic}
     bool UseCompressedClassPointers               = true                           {product lp64_product} {ergonomic}
     bool UseCompressedOops                        = true                           {product lp64_product} {ergonomic}
     bool UseG1GC                                  = true                                      {product} {ergonomic}
     bool UseLargePagesIndividualAllocation        = false                                  {pd product} {ergonomic}

Logging:
Log output configuration:
 #0: stdout all=warning uptime,level,tags
 #1: stderr all=off uptime,level,tags

Environment Variables:
PATH=C:\Program Files\Common Files\Oracle\Java\javapath;C:\WINDOWS\system32;C:\WINDOWS;C:\WINDOWS\System32\Wbem;C:\WINDOWS\System32\WindowsPowerShell\v1.0\;C:\WINDOWS\System32\OpenSSH\;C:\Program Files\Java\jdk-17\bin;C:\Program Files\nodejs\;C:\Program Files (x86)\Microsoft SQL Server\160\DTS\Binn\;C:\Program Files\Azure Data Studio\bin;C:\Program Files (x86)\Microsoft SQL Server\150\DTS\Binn\;C:\Program Files\Microsoft SQL Server\150\DTS\Binn\;C:\Program Files\Microsoft SQL Server\Client SDK\ODBC\170\Tools\Binn\;C:\Program Files (x86)\Microsoft SQL Server\150\Tools\Binn\;C:\Program Files\Microsoft SQL Server\150\Tools\Binn\;C:\Program Files\Git\cmd;C:\Program Files\dotnet\;C:\Users\ilétou\AppData\Local\Programs\Python\Launcher\;C:\Users\ilétou\AppData\Local\Microsoft\WindowsApps;;C:\Program Files\JetBrains\IntelliJ IDEA 2023.3.2\bin;;C:\Users\ilétou\AppData\Roaming\npm;C:\Users\ilétou\AppData\Local\Programs\Microsoft VS Code\bin;C:\Program Files\Azure Data Studio\bin;C:\Users\ilétou\.dotnet\tools;C:\Program Files\JetBrains\IntelliJ IDEA Community Edition 2023.1.4\bin;
USERNAME=ilétou
OS=Windows_NT
PROCESSOR_IDENTIFIER=AMD64 Family 23 Model 96 Stepping 1, AuthenticAMD



---------------  S Y S T E M  ---------------

OS:
 Windows 10 , 64 bit Build 19041 (10.0.19041.3636)
OS uptime: 0 days 0:13 hours

CPU: total 12 (initial active 12) (12 cores per cpu, 2 threads per core) family 23 model 96 stepping 1 microcode 0x0, cx8, cmov, fxsr, ht, mmx, 3dnowpref, sse, sse2, sse3, ssse3, sse4a, sse4.1, sse4.2, popcnt, lzcnt, tsc, tscinvbit, avx, avx2, aes, clmul, bmi1, bmi2, adx, sha, fma, vzeroupper, clflush, clflushopt

Memory: 4k page, system-wide physical 7505M (521M free)
TotalPageFile size 30033M (AvailPageFile size 5M)
current process WorkingSet (physical memory assigned to process): 228M, peak: 331M
current process commit charge ("private bytes"): 370M, peak: 374M

vm_info: Java HotSpot(TM) 64-Bit Server VM (17.0.8+9-LTS-211) for windows-amd64 JRE (17.0.8+9-LTS-211), built on Jun 14 2023 10:34:31 by "mach5one" with MS VC++ 17.1 (VS2022)

END.
